Using pre-set license
Built from '2020.3/staging' branch; Version is '2020.3.19f1 (68f137dc9bbe) revision 6877495'; Using compiler version '192528614'; Build Type 'Release'
OS: 'Windows 10 Home Single Language; OS build 19042.1526; Version 2009; 64bit' Language: 'en' Physical Memory: 8029 MB
BatchMode: 1, IsHumanControllingUs: 0, StartBugReporterOnCrash: 0, Is64bit: 1, IsPro: 0

COMMAND LINE ARGUMENTS:
C:\Program Files\Unity\Hub\Editor\2020.3.19f1\Editor\Unity.exe
-adb2
-batchMode
-noUpm
-name
AssetImportWorker0
-projectPath
D:/University/Year2/3d/3dVerhicleAnimation/3dAnimation
-logFile
Logs/AssetImportWorker0.log
-srvPort
57577
Successfully changed project path to: D:/University/Year2/3d/3dVerhicleAnimation/3dAnimation
D:/University/Year2/3d/3dVerhicleAnimation/3dAnimation
Using Asset Import Pipeline V2.
Refreshing native plugins compatible for Editor in 75.53 ms, found 5 plugins.
Preloading 0 native plugins for Editor in 0.00 ms.
Initialize engine version: 2020.3.19f1 (68f137dc9bbe)
[Subsystems] Discovering subsystems at path C:/Program Files/Unity/Hub/Editor/2020.3.19f1/Editor/Data/Resources/UnitySubsystems
[Subsystems] Discovering subsystems at path D:/University/Year2/3d/3dVerhicleAnimation/3dAnimation/Assets
GfxDevice: creating device client; threaded=0
Direct3D:
    Version:  Direct3D 11.0 [level 11.1]
    Renderer: NVIDIA GeForce GTX 1650 (ID=0x1f99)
    Vendor:   
    VRAM:     3962 MB
    Driver:   30.0.14.9649
Initialize mono
Mono path[0] = 'C:/Program Files/Unity/Hub/Editor/2020.3.19f1/Editor/Data/Managed'
Mono path[1] = 'C:/Program Files/Unity/Hub/Editor/2020.3.19f1/Editor/Data/MonoBleedingEdge/lib/mono/unityjit'
Mono config path = 'C:/Program Files/Unity/Hub/Editor/2020.3.19f1/Editor/Data/MonoBleedingEdge/etc'
Using monoOptions --debugger-agent=transport=dt_socket,embedding=1,server=y,suspend=n,address=127.0.0.1:56704
Begin MonoManager ReloadAssembly
Registering precompiled unity dll's ...
Register platform support module: C:/Program Files/Unity/Hub/Editor/2020.3.19f1/Editor/Data/PlaybackEngines/WebGLSupport/UnityEditor.WebGL.Extensions.dll
Register platform support module: C:/Program Files/Unity/Hub/Editor/2020.3.19f1/Editor/Data/PlaybackEngines/WindowsStandaloneSupport/UnityEditor.WindowsStandalone.Extensions.dll
Registered in 0.003700 seconds.
Native extension for WindowsStandalone target not found
Native extension for WebGL target not found
Refreshing native plugins compatible for Editor in 57.27 ms, found 5 plugins.
Preloading 0 native plugins for Editor in 0.00 ms.
Mono: successfully reloaded assembly
- Completed reload, in  3.666 seconds
Domain Reload Profiling:
	ReloadAssembly (3666ms)
		BeginReloadAssembly (51ms)
			ExecutionOrderSort (0ms)
			DisableScriptedObjects (0ms)
			BackupInstance (0ms)
			ReleaseScriptingObjects (0ms)
			CreateAndSetChildDomain (2ms)
		EndReloadAssembly (457ms)
			LoadAssemblies (47ms)
			RebuildTransferFunctionScriptingTraits (2ms)
			SetupTypeCache (153ms)
			ReleaseScriptCaches (0ms)
			RebuildScriptCaches (28ms)
			SetupLoadedEditorAssemblies (198ms)
				LogAssemblyErrors (0ms)
				InitializePlatformSupportModulesInManaged (5ms)
				SetLoadedEditorAssemblies (0ms)
				RefreshPlugins (57ms)
				BeforeProcessingInitializeOnLoad (18ms)
				ProcessInitializeOnLoadAttributes (86ms)
				ProcessInitializeOnLoadMethodAttributes (31ms)
				AfterProcessingInitializeOnLoad (0ms)
				EditorAssembliesLoaded (0ms)
			ExecutionOrderSort2 (0ms)
			AwakeInstancesAfterBackupRestoration (0ms)
Platform modules already initialized, skipping
Registering precompiled user dll's ...
Registered in 0.008452 seconds.
Begin MonoManager ReloadAssembly
Native extension for WindowsStandalone target not found
Native extension for WebGL target not found
Refreshing native plugins compatible for Editor in 57.89 ms, found 5 plugins.
Preloading 0 native plugins for Editor in 0.00 ms.
Mono: successfully reloaded assembly
- Completed reload, in  1.148 seconds
Domain Reload Profiling:
	ReloadAssembly (1150ms)
		BeginReloadAssembly (154ms)
			ExecutionOrderSort (0ms)
			DisableScriptedObjects (5ms)
			BackupInstance (0ms)
			ReleaseScriptingObjects (0ms)
			CreateAndSetChildDomain (23ms)
		EndReloadAssembly (935ms)
			LoadAssemblies (117ms)
			RebuildTransferFunctionScriptingTraits (0ms)
			SetupTypeCache (300ms)
			ReleaseScriptCaches (1ms)
			RebuildScriptCaches (50ms)
			SetupLoadedEditorAssemblies (360ms)
				LogAssemblyErrors (0ms)
				InitializePlatformSupportModulesInManaged (4ms)
				SetLoadedEditorAssemblies (0ms)
				RefreshPlugins (58ms)
				BeforeProcessingInitializeOnLoad (94ms)
				ProcessInitializeOnLoadAttributes (192ms)
				ProcessInitializeOnLoadMethodAttributes (5ms)
				AfterProcessingInitializeOnLoad (7ms)
				EditorAssembliesLoaded (0ms)
			ExecutionOrderSort2 (0ms)
			AwakeInstancesAfterBackupRestoration (8ms)
Platform modules already initialized, skipping
========================================================================
Worker process is ready to serve import requests
Launched and connected shader compiler UnityShaderCompiler.exe after 0.07 seconds
Refreshing native plugins compatible for Editor in 4.47 ms, found 5 plugins.
Preloading 0 native plugins for Editor in 0.00 ms.
Unloading 3325 Unused Serialized files (Serialized files now loaded: 0)
System memory in use before: 165.8 MB.
System memory in use after: 166.0 MB.

Unloading 25 unused Assets to reduce memory usage. Loaded Objects now: 3772.
Total: 16.276700 ms (FindLiveObjects: 1.464100 ms CreateObjectMapping: 0.387600 ms MarkObjects: 12.671100 ms  DeleteObjects: 1.077800 ms)

AssetImportParameters requested are different than current active one (requested -> active):
  custom:framework-win-MediaFoundation: 216162199b28c13a410421893ffa2e32 -> 
  custom:video-decoder-ogg-theora: a1e56fd34408186e4bbccfd4996cb3dc -> 
  custom:container-muxer-webm: aa71ff27fc2769a1b78a27578f13a17b -> 
  custom:container-demuxer-webm: 4f35f7cbe854078d1ac9338744f61a02 -> 
  custom:container-demuxer-ogg: 62fdf1f143b41e24485cea50d1cbac27 -> 
  custom:video-encoder-webm-vp8: eb34c28f22e8b96e1ab97ce403110664 -> 
  custom:video-codec-MediaFoundation-h265: 746d11721c4dcdbdad8f713fa42b33f4 -> 
  custom:video-decoder-webm-vp8: 9c59270c3fd7afecdb556c50c9e8de78 -> 
  custom:audio-decoder-ogg-vorbis: bf7c407c2cedff20999df2af8eb42d56 -> 
  custom:audio-encoder-webm-vorbis: bf7c407c2cedff20999df2af8eb42d56 -> 
========================================================================
Received Import Request.
  path: Packages/com.unity.render-pipelines.universal/Runtime/Materials/ParticlesUnlit.mat
  artifactKey: Guid(e823cd5b5d27c0f4b8256e7c12ee3e6d) Importer(815301076,1909f56bfc062723c751e8b465ee728b)
Start importing Packages/com.unity.render-pipelines.universal/Runtime/Materials/ParticlesUnlit.mat using Guid(e823cd5b5d27c0f4b8256e7c12ee3e6d) Importer(815301076,1909f56bfc062723c751e8b465ee728b)  -> (artifact id: 'a914e43ccbfa254d0224a07d0633e0ac') in 0.381875 seconds 
  Import took 0.393682 seconds .

========================================================================
Received Import Request.
  Time since last request: 151.943176 seconds.
  path: Assets/songThaew/Materials/light1.mat
  artifactKey: Guid(7a2fe8e6f729f5c4d8d41706a750b6e8) Importer(815301076,1909f56bfc062723c751e8b465ee728b)
Start importing Assets/songThaew/Materials/light1.mat using Guid(7a2fe8e6f729f5c4d8d41706a750b6e8) Importer(815301076,1909f56bfc062723c751e8b465ee728b)  -> (artifact id: 'd4b2fc8f9b44e727058059f1a2abf092') in 0.046464 seconds 
  Import took 0.053929 seconds .

========================================================================
Received Import Request.
  Time since last request: 0.000560 seconds.
  path: Assets/Zombie/Materials/mremireh_shoe_diffuse.mat
  artifactKey: Guid(87ad80df4c1237c43905366e49a3ca04) Importer(815301076,1909f56bfc062723c751e8b465ee728b)
Start importing Assets/Zombie/Materials/mremireh_shoe_diffuse.mat using Guid(87ad80df4c1237c43905366e49a3ca04) Importer(815301076,1909f56bfc062723c751e8b465ee728b)  -> (artifact id: '0198165cf600b30d893d0336dde7d697') in 0.759198 seconds 
  Import took 0.766351 seconds .

========================================================================
Received Import Request.
  Time since last request: 0.000218 seconds.
  path: Packages/com.unity.probuilder/Content/Resources/Materials/VertexPickerHDRP.mat
  artifactKey: Guid(7d5c9fc287a2aa945a98203d41282923) Importer(815301076,1909f56bfc062723c751e8b465ee728b)
Start importing Packages/com.unity.probuilder/Content/Resources/Materials/VertexPickerHDRP.mat using Guid(7d5c9fc287a2aa945a98203d41282923) Importer(815301076,1909f56bfc062723c751e8b465ee728b)  -> (artifact id: 'f5622e5f3ffe274e1b6e55faa5fa449d') in 0.017633 seconds 
  Import took 0.023919 seconds .

========================================================================
Received Import Request.
  Time since last request: 0.000787 seconds.
  path: Assets/songThaew/Materials/sponLight2.mat
  artifactKey: Guid(a3db7f28f18adb2459e97dc0a0068a68) Importer(815301076,1909f56bfc062723c751e8b465ee728b)
Start importing Assets/songThaew/Materials/sponLight2.mat using Guid(a3db7f28f18adb2459e97dc0a0068a68) Importer(815301076,1909f56bfc062723c751e8b465ee728b)  -> (artifact id: 'ef0a71818ca9910c6a43cf0b92856ba9') in 0.022562 seconds 
  Import took 0.029311 seconds .

========================================================================
Received Import Request.
  Time since last request: 0.000241 seconds.
  path: Assets/songThaew/Materials/sponLight3.mat
  artifactKey: Guid(18a4ed5bae461ee4192cab3abcb9e628) Importer(815301076,1909f56bfc062723c751e8b465ee728b)
Start importing Assets/songThaew/Materials/sponLight3.mat using Guid(18a4ed5bae461ee4192cab3abcb9e628) Importer(815301076,1909f56bfc062723c751e8b465ee728b)  -> (artifact id: 'beb6ae67d1337353d4e5892cf79e95b7') in 0.020480 seconds 
  Import took 0.027822 seconds .

========================================================================
Received Import Request.
  Time since last request: 0.000167 seconds.
  path: Packages/com.unity.probuilder/Content/Resources/Materials/Trigger.mat
  artifactKey: Guid(a1e97cbf2538241b691aae8243b5fb10) Importer(815301076,1909f56bfc062723c751e8b465ee728b)
Start importing Packages/com.unity.probuilder/Content/Resources/Materials/Trigger.mat using Guid(a1e97cbf2538241b691aae8243b5fb10) Importer(815301076,1909f56bfc062723c751e8b465ee728b)  -> (artifact id: 'a6c192d14392b16fbaa6f075bd4851d5') in 0.054731 seconds 
  Import took 0.061539 seconds .

========================================================================
Received Import Request.
  Time since last request: 0.000255 seconds.
  path: Packages/com.unity.probuilder/Content/Resources/Materials/VertexPicker.mat
  artifactKey: Guid(30a8575e1d4cc4e01a88ffbf4f973d80) Importer(815301076,1909f56bfc062723c751e8b465ee728b)
Start importing Packages/com.unity.probuilder/Content/Resources/Materials/VertexPicker.mat using Guid(30a8575e1d4cc4e01a88ffbf4f973d80) Importer(815301076,1909f56bfc062723c751e8b465ee728b)  -> (artifact id: '803ede68325f8ad9b7d1aae0725b6cef') in 0.018740 seconds 
  Import took 0.024825 seconds .

========================================================================
Received Import Request.
  Time since last request: 0.000707 seconds.
  path: Assets/songThaew/Materials/light2.mat
  artifactKey: Guid(44b27331b6e398f409dc652105a965ef) Importer(815301076,1909f56bfc062723c751e8b465ee728b)
Start importing Assets/songThaew/Materials/light2.mat using Guid(44b27331b6e398f409dc652105a965ef) Importer(815301076,1909f56bfc062723c751e8b465ee728b)  -> (artifact id: 'b1daf2f95acdd9f4c73f89263019ce2f') in 0.019252 seconds 
  Import took 0.025123 seconds .

========================================================================
Received Import Request.
  Time since last request: 0.000210 seconds.
  path: Packages/com.unity.render-pipelines.universal/Runtime/Materials/TerrainLit.mat
  artifactKey: Guid(594ea882c5a793440b60ff72d896021e) Importer(815301076,1909f56bfc062723c751e8b465ee728b)
Start importing Packages/com.unity.render-pipelines.universal/Runtime/Materials/TerrainLit.mat using Guid(594ea882c5a793440b60ff72d896021e) Importer(815301076,1909f56bfc062723c751e8b465ee728b)  -> (artifact id: 'e4c53c6a653a71ad9f3dba6d6dd71e84') in 0.425343 seconds 
  Import took 0.433442 seconds .

========================================================================
Received Import Request.
  Time since last request: 0.000298 seconds.
  path: Packages/com.unity.probuilder/Content/Resources/Materials/ProBuilderDefault.mat
  artifactKey: Guid(c22777d6e868e4f2fb421913386b154e) Importer(815301076,1909f56bfc062723c751e8b465ee728b)
Start importing Packages/com.unity.probuilder/Content/Resources/Materials/ProBuilderDefault.mat using Guid(c22777d6e868e4f2fb421913386b154e) Importer(815301076,1909f56bfc062723c751e8b465ee728b)  -> (artifact id: 'b59d45e30cb3b49e72c03870417596b5') in 0.025266 seconds 
  Import took 0.031569 seconds .

========================================================================
Received Import Request.
  Time since last request: 0.000188 seconds.
  path: Packages/com.unity.render-pipelines.universal/Runtime/Materials/Sprite-Unlit-Default.mat
  artifactKey: Guid(9dfc825aed78fcd4ba02077103263b40) Importer(815301076,1909f56bfc062723c751e8b465ee728b)
Start importing Packages/com.unity.render-pipelines.universal/Runtime/Materials/Sprite-Unlit-Default.mat using Guid(9dfc825aed78fcd4ba02077103263b40) Importer(815301076,1909f56bfc062723c751e8b465ee728b)  -> (artifact id: 'e4a9ce2475f7ff35ee28a6befef895a6') in 0.044308 seconds 
  Import took 0.051474 seconds .

========================================================================
Received Import Request.
  Time since last request: 0.000188 seconds.
  path: Packages/com.unity.probuilder/Content/Resources/Materials/NoDraw.mat
  artifactKey: Guid(8cb4d6fee77fd4ee6895f08b240d625f) Importer(815301076,1909f56bfc062723c751e8b465ee728b)
Start importing Packages/com.unity.probuilder/Content/Resources/Materials/NoDraw.mat using Guid(8cb4d6fee77fd4ee6895f08b240d625f) Importer(815301076,1909f56bfc062723c751e8b465ee728b)  -> (artifact id: '8eeeab8d1f6c7740b6ea11e1a1f014d5') in 0.045748 seconds 
  Import took 0.050672 seconds .

========================================================================
Received Import Request.
  Time since last request: 0.000203 seconds.
  path: Assets/Zombie/Materials/mremireh_body__diffuse.mat
  artifactKey: Guid(862d5c6338fa37b42a353f318a2c3b91) Importer(815301076,1909f56bfc062723c751e8b465ee728b)
Start importing Assets/Zombie/Materials/mremireh_body__diffuse.mat using Guid(862d5c6338fa37b42a353f318a2c3b91) Importer(815301076,1909f56bfc062723c751e8b465ee728b)  -> (artifact id: 'fa145b4a242d750b20780bc498341948') in 0.026506 seconds 
  Import took 0.033359 seconds .

========================================================================
Received Import Request.
  Time since last request: 0.000193 seconds.
  path: Packages/com.unity.render-pipelines.universal/Runtime/Materials/SimpleLit.mat
  artifactKey: Guid(6a1143ee683302f4aa628c052723efc1) Importer(815301076,1909f56bfc062723c751e8b465ee728b)
Start importing Packages/com.unity.render-pipelines.universal/Runtime/Materials/SimpleLit.mat using Guid(6a1143ee683302f4aa628c052723efc1) Importer(815301076,1909f56bfc062723c751e8b465ee728b)  -> (artifact id: '060085555e5b23734241b96bd8e8eba9') in 0.409270 seconds 
  Import took 0.415169 seconds .

========================================================================
Received Import Request.
  Time since last request: 0.000285 seconds.
  path: Assets/songThaew/Materials/sonfThaewTexture.mat
  artifactKey: Guid(bb3dafd438621b442a78d898a281699d) Importer(815301076,1909f56bfc062723c751e8b465ee728b)
Start importing Assets/songThaew/Materials/sonfThaewTexture.mat using Guid(bb3dafd438621b442a78d898a281699d) Importer(815301076,1909f56bfc062723c751e8b465ee728b)  -> (artifact id: '2b168a5a9b9b5bbc204afe47761a90c5') in 0.025604 seconds 
  Import took 0.032365 seconds .

========================================================================
Received Import Request.
  Time since last request: 0.000897 seconds.
  path: Assets/songThaew/Materials/solarCellTexture.mat
  artifactKey: Guid(bf8be9339f52e5d49a7a21f5923baa51) Importer(815301076,1909f56bfc062723c751e8b465ee728b)
Start importing Assets/songThaew/Materials/solarCellTexture.mat using Guid(bf8be9339f52e5d49a7a21f5923baa51) Importer(815301076,1909f56bfc062723c751e8b465ee728b)  -> (artifact id: '2926bf87d70a0d348749c3f08fc0063d') in 0.023377 seconds 
  Import took 0.030575 seconds .

========================================================================
Received Import Request.
  Time since last request: 0.000193 seconds.
  path: Packages/com.unity.probuilder/Content/Resources/Materials/StandardVertexColorLWRP.mat
  artifactKey: Guid(077a003b1de1e4c35923be7a21b5d948) Importer(815301076,1909f56bfc062723c751e8b465ee728b)
Start importing Packages/com.unity.probuilder/Content/Resources/Materials/StandardVertexColorLWRP.mat using Guid(077a003b1de1e4c35923be7a21b5d948) Importer(815301076,1909f56bfc062723c751e8b465ee728b)  -> (artifact id: 'cb80c4ab5e584d6abd1f64cfe0b0e62f') in 0.023518 seconds 
  Import took 0.029550 seconds .

========================================================================
Received Import Request.
  Time since last request: 0.000282 seconds.
  path: Assets/Tree/Materials/lambert6.mat
  artifactKey: Guid(ece53faa09b37204e8fd4b84b54fe90c) Importer(815301076,1909f56bfc062723c751e8b465ee728b)
Start importing Assets/Tree/Materials/lambert6.mat using Guid(ece53faa09b37204e8fd4b84b54fe90c) Importer(815301076,1909f56bfc062723c751e8b465ee728b)  -> (artifact id: '9798b7abd13a8f4259d140468401735c') in 0.016372 seconds 
  Import took 0.022671 seconds .

========================================================================
Received Import Request.
  Time since last request: 0.000388 seconds.
  path: Packages/com.unity.render-pipelines.universal/Runtime/Materials/Sprite-Lit-Default.mat
  artifactKey: Guid(a97c105638bdf8b4a8650670310a4cd3) Importer(815301076,1909f56bfc062723c751e8b465ee728b)
Start importing Packages/com.unity.render-pipelines.universal/Runtime/Materials/Sprite-Lit-Default.mat using Guid(a97c105638bdf8b4a8650670310a4cd3) Importer(815301076,1909f56bfc062723c751e8b465ee728b)  -> (artifact id: 'c60526f8116118b3791cdfb078e38ffa') in 0.021591 seconds 
  Import took 0.028655 seconds .

========================================================================
Received Import Request.
  Time since last request: 0.000199 seconds.
  path: Packages/com.unity.probuilder/Content/Resources/Materials/UnlitVertexColor.mat
  artifactKey: Guid(29966c3c0907b49b58c4e59342d020cf) Importer(815301076,1909f56bfc062723c751e8b465ee728b)
Start importing Packages/com.unity.probuilder/Content/Resources/Materials/UnlitVertexColor.mat using Guid(29966c3c0907b49b58c4e59342d020cf) Importer(815301076,1909f56bfc062723c751e8b465ee728b)  -> (artifact id: '69401e3bda342b0e3aaf99b2727fc085') in 0.019934 seconds 
  Import took 0.028309 seconds .

========================================================================
Received Import Request.
  Time since last request: 0.000155 seconds.
  path: Packages/com.unity.render-pipelines.universal/Runtime/Materials/Lit.mat
  artifactKey: Guid(31321ba15b8f8eb4c954353edc038b1d) Importer(815301076,1909f56bfc062723c751e8b465ee728b)
Start importing Packages/com.unity.render-pipelines.universal/Runtime/Materials/Lit.mat using Guid(31321ba15b8f8eb4c954353edc038b1d) Importer(815301076,1909f56bfc062723c751e8b465ee728b)  -> (artifact id: 'b562e77af3e177d3d924c35f71a8b918') in 0.015211 seconds 
  Import took 0.021098 seconds .

========================================================================
Received Import Request.
  Time since last request: 0.000181 seconds.
  path: Assets/songThaew/Materials/wheelTexture.mat
  artifactKey: Guid(1124d28f38b107945b31c8b73e42b9f3) Importer(815301076,1909f56bfc062723c751e8b465ee728b)
Start importing Assets/songThaew/Materials/wheelTexture.mat using Guid(1124d28f38b107945b31c8b73e42b9f3) Importer(815301076,1909f56bfc062723c751e8b465ee728b)  -> (artifact id: '09bcb03753d5bc6ec809fdbe2da50821') in 0.019401 seconds 
  Import took 0.027681 seconds .

========================================================================
Received Import Request.
  Time since last request: 0.000197 seconds.
  path: Assets/songThaew/Materials/sponLight1.mat
  artifactKey: Guid(387e54e1d7c5e4446865f318abd595e2) Importer(815301076,1909f56bfc062723c751e8b465ee728b)
Start importing Assets/songThaew/Materials/sponLight1.mat using Guid(387e54e1d7c5e4446865f318abd595e2) Importer(815301076,1909f56bfc062723c751e8b465ee728b)  -> (artifact id: '1c1d54a0d8838259ef1b80cf9d3b9b31') in 0.022705 seconds 
  Import took 0.029653 seconds .

========================================================================
Received Import Request.
  Time since last request: 0.000172 seconds.
  path: Packages/com.unity.probuilder/Content/Resources/Materials/StandardVertexColorHDRP.mat
  artifactKey: Guid(c35693c079f3840f7938a4a323096e84) Importer(815301076,1909f56bfc062723c751e8b465ee728b)
Start importing Packages/com.unity.probuilder/Content/Resources/Materials/StandardVertexColorHDRP.mat using Guid(c35693c079f3840f7938a4a323096e84) Importer(815301076,1909f56bfc062723c751e8b465ee728b)  -> (artifact id: '12bca2013f022dd0414c5b9e00c98dd2') in 0.016686 seconds 
  Import took 0.024724 seconds .

========================================================================
Received Prepare
Registering precompiled user dll's ...
Registered in 0.003039 seconds.
Begin MonoManager ReloadAssembly
Native extension for WindowsStandalone target not found
Native extension for WebGL target not found
Refreshing native plugins compatible for Editor in 0.60 ms, found 5 plugins.
Preloading 0 native plugins for Editor in 0.00 ms.
Mono: successfully reloaded assembly
- Completed reload, in  1.046 seconds
Domain Reload Profiling:
	ReloadAssembly (1047ms)
		BeginReloadAssembly (146ms)
			ExecutionOrderSort (0ms)
			DisableScriptedObjects (7ms)
			BackupInstance (0ms)
			ReleaseScriptingObjects (0ms)
			CreateAndSetChildDomain (51ms)
		EndReloadAssembly (847ms)
			LoadAssemblies (81ms)
			RebuildTransferFunctionScriptingTraits (0ms)
			SetupTypeCache (298ms)
			ReleaseScriptCaches (1ms)
			RebuildScriptCaches (40ms)
			SetupLoadedEditorAssemblies (274ms)
				LogAssemblyErrors (0ms)
				InitializePlatformSupportModulesInManaged (4ms)
				SetLoadedEditorAssemblies (0ms)
				RefreshPlugins (1ms)
				BeforeProcessingInitializeOnLoad (78ms)
				ProcessInitializeOnLoadAttributes (182ms)
				ProcessInitializeOnLoadMethodAttributes (3ms)
				AfterProcessingInitializeOnLoad (5ms)
				EditorAssembliesLoaded (0ms)
			ExecutionOrderSort2 (0ms)
			AwakeInstancesAfterBackupRestoration (42ms)
Platform modules already initialized, skipping
Refreshing native plugins compatible for Editor in 0.64 ms, found 5 plugins.
Preloading 0 native plugins for Editor in 0.00 ms.
Unloading 3161 Unused Serialized files (Serialized files now loaded: 0)
System memory in use before: 159.1 MB.
System memory in use after: 159.3 MB.

Unloading 21 unused Assets to reduce memory usage. Loaded Objects now: 3859.
Total: 3.651600 ms (FindLiveObjects: 0.346300 ms CreateObjectMapping: 0.191200 ms MarkObjects: 3.021800 ms  DeleteObjects: 0.091100 ms)

AssetImportParameters requested are different than current active one (requested -> active):
  custom:framework-win-MediaFoundation: 216162199b28c13a410421893ffa2e32 -> 
  custom:video-decoder-ogg-theora: a1e56fd34408186e4bbccfd4996cb3dc -> 
  custom:container-muxer-webm: aa71ff27fc2769a1b78a27578f13a17b -> 
  custom:container-demuxer-webm: 4f35f7cbe854078d1ac9338744f61a02 -> 
  custom:container-demuxer-ogg: 62fdf1f143b41e24485cea50d1cbac27 -> 
  custom:video-encoder-webm-vp8: eb34c28f22e8b96e1ab97ce403110664 -> 
  custom:video-codec-MediaFoundation-h265: 746d11721c4dcdbdad8f713fa42b33f4 -> 
  custom:video-decoder-webm-vp8: 9c59270c3fd7afecdb556c50c9e8de78 -> 
  custom:audio-decoder-ogg-vorbis: bf7c407c2cedff20999df2af8eb42d56 -> 
  custom:audio-encoder-webm-vorbis: bf7c407c2cedff20999df2af8eb42d56 -> 
========================================================================
Received Import Request.
  Time since last request: 237.553452 seconds.
  path: Assets/ParticleCloudWhite.png
  artifactKey: Guid(06b0addbdc8bf8c48ae8e668e525318a) Importer(815301076,1909f56bfc062723c751e8b465ee728b)
Start importing Assets/ParticleCloudWhite.png using Guid(06b0addbdc8bf8c48ae8e668e525318a) Importer(815301076,1909f56bfc062723c751e8b465ee728b)  -> (artifact id: '928db60c976a488d2c15b16066521ecd') in 0.104174 seconds 
  Import took 0.111603 seconds .

========================================================================
Received Import Request.
  Time since last request: 0.000223 seconds.
  path: Assets/ParticleDuststorm.mat
  artifactKey: Guid(1847ba4c6842c9845ab49843dfb3f43b) Importer(815301076,1909f56bfc062723c751e8b465ee728b)
Start importing Assets/ParticleDuststorm.mat using Guid(1847ba4c6842c9845ab49843dfb3f43b) Importer(815301076,1909f56bfc062723c751e8b465ee728b)  -> (artifact id: 'e81406c0b45da02e04cc8e852d31ff7b') in 0.449838 seconds 
  Import took 0.456150 seconds .

========================================================================
Received Import Request.
  Time since last request: 49.402245 seconds.
  path: Assets/ParticleCloudWhite.png
  artifactKey: Guid(06b0addbdc8bf8c48ae8e668e525318a) Importer(815301076,1909f56bfc062723c751e8b465ee728b)
Start importing Assets/ParticleCloudWhite.png using Guid(06b0addbdc8bf8c48ae8e668e525318a) Importer(815301076,1909f56bfc062723c751e8b465ee728b)  -> (artifact id: 'cddfd5a316d92cd2f0940a4253dbeb02') in 0.029200 seconds 
  Import took 0.035360 seconds .

========================================================================
Received Prepare
Registering precompiled user dll's ...
Registered in 0.015181 seconds.
Begin MonoManager ReloadAssembly
Native extension for WindowsStandalone target not found
Native extension for WebGL target not found
Refreshing native plugins compatible for Editor in 0.72 ms, found 5 plugins.
Preloading 0 native plugins for Editor in 0.00 ms.
Mono: successfully reloaded assembly
- Completed reload, in  1.382 seconds
Domain Reload Profiling:
	ReloadAssembly (1382ms)
		BeginReloadAssembly (115ms)
			ExecutionOrderSort (0ms)
			DisableScriptedObjects (8ms)
			BackupInstance (0ms)
			ReleaseScriptingObjects (0ms)
			CreateAndSetChildDomain (41ms)
		EndReloadAssembly (1207ms)
			LoadAssemblies (84ms)
			RebuildTransferFunctionScriptingTraits (0ms)
			SetupTypeCache (328ms)
			ReleaseScriptCaches (1ms)
			RebuildScriptCaches (45ms)
			SetupLoadedEditorAssemblies (536ms)
				LogAssemblyErrors (0ms)
				InitializePlatformSupportModulesInManaged (7ms)
				SetLoadedEditorAssemblies (1ms)
				RefreshPlugins (1ms)
				BeforeProcessingInitializeOnLoad (83ms)
				ProcessInitializeOnLoadAttributes (435ms)
				ProcessInitializeOnLoadMethodAttributes (3ms)
				AfterProcessingInitializeOnLoad (5ms)
				EditorAssembliesLoaded (0ms)
			ExecutionOrderSort2 (0ms)
			AwakeInstancesAfterBackupRestoration (57ms)
Platform modules already initialized, skipping
Refreshing native plugins compatible for Editor in 0.70 ms, found 5 plugins.
Preloading 0 native plugins for Editor in 0.00 ms.
Unloading 3161 Unused Serialized files (Serialized files now loaded: 0)
System memory in use before: 159.3 MB.
System memory in use after: 159.5 MB.

Unloading 20 unused Assets to reduce memory usage. Loaded Objects now: 3900.
Total: 5.909700 ms (FindLiveObjects: 0.448900 ms CreateObjectMapping: 0.180200 ms MarkObjects: 5.124900 ms  DeleteObjects: 0.153700 ms)

AssetImportParameters requested are different than current active one (requested -> active):
  custom:framework-win-MediaFoundation: 216162199b28c13a410421893ffa2e32 -> 
  custom:video-decoder-ogg-theora: a1e56fd34408186e4bbccfd4996cb3dc -> 
  custom:container-muxer-webm: aa71ff27fc2769a1b78a27578f13a17b -> 
  custom:container-demuxer-webm: 4f35f7cbe854078d1ac9338744f61a02 -> 
  custom:container-demuxer-ogg: 62fdf1f143b41e24485cea50d1cbac27 -> 
  custom:video-encoder-webm-vp8: eb34c28f22e8b96e1ab97ce403110664 -> 
  custom:video-codec-MediaFoundation-h265: 746d11721c4dcdbdad8f713fa42b33f4 -> 
  custom:video-decoder-webm-vp8: 9c59270c3fd7afecdb556c50c9e8de78 -> 
  custom:audio-decoder-ogg-vorbis: bf7c407c2cedff20999df2af8eb42d56 -> 
  custom:audio-encoder-webm-vorbis: bf7c407c2cedff20999df2af8eb42d56 -> 
========================================================================
Received Import Request.
  Time since last request: 454.093905 seconds.
  path: Assets/road 1.mat
  artifactKey: Guid(ea8cf70861f181d468d8fc35ba82f17f) Importer(815301076,1909f56bfc062723c751e8b465ee728b)
Start importing Assets/road 1.mat using Guid(ea8cf70861f181d468d8fc35ba82f17f) Importer(815301076,1909f56bfc062723c751e8b465ee728b)  -> (artifact id: '9173e242c8c5ee9d2743f1e32d9b0c63') in 0.215094 seconds 
  Import took 0.223134 seconds .

========================================================================
Received Import Request.
  Time since last request: 30.060586 seconds.
  path: Assets/dustParticle.mat
  artifactKey: Guid(536957af05e1d244d9712b60c3a96d96) Importer(815301076,1909f56bfc062723c751e8b465ee728b)
Start importing Assets/dustParticle.mat using Guid(536957af05e1d244d9712b60c3a96d96) Importer(815301076,1909f56bfc062723c751e8b465ee728b)  -> (artifact id: '83c41fdd13d69e3cc20302d75be5ab7a') in 0.022666 seconds 
  Import took 0.030736 seconds .

========================================================================
Received Import Request.
  Time since last request: 19.429912 seconds.
  path: Assets/dustParticle.mat
  artifactKey: Guid(536957af05e1d244d9712b60c3a96d96) Importer(815301076,1909f56bfc062723c751e8b465ee728b)
Start importing Assets/dustParticle.mat using Guid(536957af05e1d244d9712b60c3a96d96) Importer(815301076,1909f56bfc062723c751e8b465ee728b)  -> (artifact id: '424c02e81c26f4e6cd394105cc2aab78') in 0.030791 seconds 
  Import took 0.039081 seconds .

========================================================================
Received Import Request.
  Time since last request: 0.000468 seconds.
  path: Assets/road 1.mat
  artifactKey: Guid(ea8cf70861f181d468d8fc35ba82f17f) Importer(815301076,1909f56bfc062723c751e8b465ee728b)
Start importing Assets/road 1.mat using Guid(ea8cf70861f181d468d8fc35ba82f17f) Importer(815301076,1909f56bfc062723c751e8b465ee728b)  -> (artifact id: '08a8efe39cca62014e1af1390abc8529') in 0.028735 seconds 
  Import took 0.039153 seconds .

========================================================================
Received Prepare
Registering precompiled user dll's ...
Registered in 0.005866 seconds.
Begin MonoManager ReloadAssembly
Native extension for WindowsStandalone target not found
Native extension for WebGL target not found
Refreshing native plugins compatible for Editor in 2.64 ms, found 5 plugins.
Preloading 0 native plugins for Editor in 0.00 ms.
Mono: successfully reloaded assembly
- Completed reload, in  2.360 seconds
Domain Reload Profiling:
	ReloadAssembly (2361ms)
		BeginReloadAssembly (244ms)
			ExecutionOrderSort (0ms)
			DisableScriptedObjects (9ms)
			BackupInstance (0ms)
			ReleaseScriptingObjects (0ms)
			CreateAndSetChildDomain (80ms)
		EndReloadAssembly (1983ms)
			LoadAssemblies (243ms)
			RebuildTransferFunctionScriptingTraits (0ms)
			SetupTypeCache (835ms)
			ReleaseScriptCaches (3ms)
			RebuildScriptCaches (99ms)
			SetupLoadedEditorAssemblies (530ms)
				LogAssemblyErrors (0ms)
				InitializePlatformSupportModulesInManaged (7ms)
				SetLoadedEditorAssemblies (1ms)
				RefreshPlugins (3ms)
				BeforeProcessingInitializeOnLoad (135ms)
				ProcessInitializeOnLoadAttributes (371ms)
				ProcessInitializeOnLoadMethodAttributes (5ms)
				AfterProcessingInitializeOnLoad (7ms)
				EditorAssembliesLoaded (1ms)
			ExecutionOrderSort2 (0ms)
			AwakeInstancesAfterBackupRestoration (87ms)
Platform modules already initialized, skipping
Refreshing native plugins compatible for Editor in 1.05 ms, found 5 plugins.
Preloading 0 native plugins for Editor in 0.00 ms.
Unloading 3161 Unused Serialized files (Serialized files now loaded: 0)
System memory in use before: 159.5 MB.
System memory in use after: 159.6 MB.

Unloading 20 unused Assets to reduce memory usage. Loaded Objects now: 3939.
Total: 4.975700 ms (FindLiveObjects: 0.509700 ms CreateObjectMapping: 0.421400 ms MarkObjects: 3.953000 ms  DeleteObjects: 0.090700 ms)

AssetImportParameters requested are different than current active one (requested -> active):
  custom:framework-win-MediaFoundation: 216162199b28c13a410421893ffa2e32 -> 
  custom:video-decoder-ogg-theora: a1e56fd34408186e4bbccfd4996cb3dc -> 
  custom:container-muxer-webm: aa71ff27fc2769a1b78a27578f13a17b -> 
  custom:container-demuxer-webm: 4f35f7cbe854078d1ac9338744f61a02 -> 
  custom:container-demuxer-ogg: 62fdf1f143b41e24485cea50d1cbac27 -> 
  custom:video-encoder-webm-vp8: eb34c28f22e8b96e1ab97ce403110664 -> 
  custom:video-codec-MediaFoundation-h265: 746d11721c4dcdbdad8f713fa42b33f4 -> 
  custom:video-decoder-webm-vp8: 9c59270c3fd7afecdb556c50c9e8de78 -> 
  custom:audio-decoder-ogg-vorbis: bf7c407c2cedff20999df2af8eb42d56 -> 
  custom:audio-encoder-webm-vorbis: bf7c407c2cedff20999df2af8eb42d56 -> 
========================================================================
Received Prepare
Registering precompiled user dll's ...
Registered in 0.002898 seconds.
Begin MonoManager ReloadAssembly
Native extension for WindowsStandalone target not found
Native extension for WebGL target not found
Refreshing native plugins compatible for Editor in 0.83 ms, found 5 plugins.
Preloading 0 native plugins for Editor in 0.00 ms.
Mono: successfully reloaded assembly
- Completed reload, in  1.239 seconds
Domain Reload Profiling:
	ReloadAssembly (1239ms)
		BeginReloadAssembly (115ms)
			ExecutionOrderSort (0ms)
			DisableScriptedObjects (4ms)
			BackupInstance (0ms)
			ReleaseScriptingObjects (0ms)
			CreateAndSetChildDomain (32ms)
		EndReloadAssembly (1070ms)
			LoadAssemblies (78ms)
			RebuildTransferFunctionScriptingTraits (0ms)
			SetupTypeCache (294ms)
			ReleaseScriptCaches (4ms)
			RebuildScriptCaches (79ms)
			SetupLoadedEditorAssemblies (329ms)
				LogAssemblyErrors (0ms)
				InitializePlatformSupportModulesInManaged (5ms)
				SetLoadedEditorAssemblies (1ms)
				RefreshPlugins (1ms)
				BeforeProcessingInitializeOnLoad (101ms)
				ProcessInitializeOnLoadAttributes (211ms)
				ProcessInitializeOnLoadMethodAttributes (3ms)
				AfterProcessingInitializeOnLoad (6ms)
				EditorAssembliesLoaded (0ms)
			ExecutionOrderSort2 (0ms)
			AwakeInstancesAfterBackupRestoration (21ms)
Platform modules already initialized, skipping
Refreshing native plugins compatible for Editor in 1.19 ms, found 5 plugins.
Preloading 0 native plugins for Editor in 0.00 ms.
Unloading 3161 Unused Serialized files (Serialized files now loaded: 0)
System memory in use before: 159.5 MB.
System memory in use after: 159.7 MB.

Unloading 20 unused Assets to reduce memory usage. Loaded Objects now: 3941.
Total: 3.346600 ms (FindLiveObjects: 0.352800 ms CreateObjectMapping: 0.176200 ms MarkObjects: 2.720200 ms  DeleteObjects: 0.096300 ms)

AssetImportParameters requested are different than current active one (requested -> active):
  custom:framework-win-MediaFoundation: 216162199b28c13a410421893ffa2e32 -> 
  custom:video-decoder-ogg-theora: a1e56fd34408186e4bbccfd4996cb3dc -> 
  custom:container-muxer-webm: aa71ff27fc2769a1b78a27578f13a17b -> 
  custom:container-demuxer-webm: 4f35f7cbe854078d1ac9338744f61a02 -> 
  custom:container-demuxer-ogg: 62fdf1f143b41e24485cea50d1cbac27 -> 
  custom:video-encoder-webm-vp8: eb34c28f22e8b96e1ab97ce403110664 -> 
  custom:video-codec-MediaFoundation-h265: 746d11721c4dcdbdad8f713fa42b33f4 -> 
  custom:video-decoder-webm-vp8: 9c59270c3fd7afecdb556c50c9e8de78 -> 
  custom:audio-decoder-ogg-vorbis: bf7c407c2cedff20999df2af8eb42d56 -> 
  custom:audio-encoder-webm-vorbis: bf7c407c2cedff20999df2af8eb42d56 -> 
========================================================================
Received Prepare
Registering precompiled user dll's ...
Registered in 0.004083 seconds.
Begin MonoManager ReloadAssembly
Native extension for WindowsStandalone target not found
Native extension for WebGL target not found
Refreshing native plugins compatible for Editor in 0.67 ms, found 5 plugins.
Preloading 0 native plugins for Editor in 0.00 ms.
Mono: successfully reloaded assembly
- Completed reload, in  0.979 seconds
Domain Reload Profiling:
	ReloadAssembly (979ms)
		BeginReloadAssembly (112ms)
			ExecutionOrderSort (0ms)
			DisableScriptedObjects (4ms)
			BackupInstance (0ms)
			ReleaseScriptingObjects (0ms)
			CreateAndSetChildDomain (30ms)
		EndReloadAssembly (815ms)
			LoadAssemblies (81ms)
			RebuildTransferFunctionScriptingTraits (0ms)
			SetupTypeCache (274ms)
			ReleaseScriptCaches (2ms)
			RebuildScriptCaches (47ms)
			SetupLoadedEditorAssemblies (280ms)
				LogAssemblyErrors (0ms)
				InitializePlatformSupportModulesInManaged (5ms)
				SetLoadedEditorAssemblies (0ms)
				RefreshPlugins (1ms)
				BeforeProcessingInitializeOnLoad (82ms)
				ProcessInitializeOnLoadAttributes (183ms)
				ProcessInitializeOnLoadMethodAttributes (3ms)
				AfterProcessingInitializeOnLoad (5ms)
				EditorAssembliesLoaded (0ms)
			ExecutionOrderSort2 (0ms)
			AwakeInstancesAfterBackupRestoration (17ms)
Platform modules already initialized, skipping
Refreshing native plugins compatible for Editor in 0.65 ms, found 5 plugins.
Preloading 0 native plugins for Editor in 0.00 ms.
Unloading 3161 Unused Serialized files (Serialized files now loaded: 0)
System memory in use before: 159.5 MB.
System memory in use after: 159.7 MB.

Unloading 20 unused Assets to reduce memory usage. Loaded Objects now: 3943.
Total: 3.779100 ms (FindLiveObjects: 0.440600 ms CreateObjectMapping: 0.162900 ms MarkObjects: 3.047000 ms  DeleteObjects: 0.127600 ms)

AssetImportParameters requested are different than current active one (requested -> active):
  custom:framework-win-MediaFoundation: 216162199b28c13a410421893ffa2e32 -> 
  custom:video-decoder-ogg-theora: a1e56fd34408186e4bbccfd4996cb3dc -> 
  custom:container-muxer-webm: aa71ff27fc2769a1b78a27578f13a17b -> 
  custom:container-demuxer-webm: 4f35f7cbe854078d1ac9338744f61a02 -> 
  custom:container-demuxer-ogg: 62fdf1f143b41e24485cea50d1cbac27 -> 
  custom:video-encoder-webm-vp8: eb34c28f22e8b96e1ab97ce403110664 -> 
  custom:video-codec-MediaFoundation-h265: 746d11721c4dcdbdad8f713fa42b33f4 -> 
  custom:video-decoder-webm-vp8: 9c59270c3fd7afecdb556c50c9e8de78 -> 
  custom:audio-decoder-ogg-vorbis: bf7c407c2cedff20999df2af8eb42d56 -> 
  custom:audio-encoder-webm-vorbis: bf7c407c2cedff20999df2af8eb42d56 -> 
========================================================================
Received Prepare
Registering precompiled user dll's ...
Registered in 0.002487 seconds.
Begin MonoManager ReloadAssembly
Native extension for WindowsStandalone target not found
Native extension for WebGL target not found
Refreshing native plugins compatible for Editor in 0.67 ms, found 5 plugins.
Preloading 0 native plugins for Editor in 0.00 ms.
Mono: successfully reloaded assembly
- Completed reload, in  1.071 seconds
Domain Reload Profiling:
	ReloadAssembly (1071ms)
		BeginReloadAssembly (110ms)
			ExecutionOrderSort (0ms)
			DisableScriptedObjects (4ms)
			BackupInstance (0ms)
			ReleaseScriptingObjects (0ms)
			CreateAndSetChildDomain (33ms)
		EndReloadAssembly (906ms)
			LoadAssemblies (77ms)
			RebuildTransferFunctionScriptingTraits (0ms)
			SetupTypeCache (338ms)
			ReleaseScriptCaches (2ms)
			RebuildScriptCaches (44ms)
			SetupLoadedEditorAssemblies (295ms)
				LogAssemblyErrors (0ms)
				InitializePlatformSupportModulesInManaged (5ms)
				SetLoadedEditorAssemblies (0ms)
				RefreshPlugins (1ms)
				BeforeProcessingInitializeOnLoad (85ms)
				ProcessInitializeOnLoadAttributes (194ms)
				ProcessInitializeOnLoadMethodAttributes (5ms)
				AfterProcessingInitializeOnLoad (6ms)
				EditorAssembliesLoaded (0ms)
			ExecutionOrderSort2 (0ms)
			AwakeInstancesAfterBackupRestoration (18ms)
Platform modules already initialized, skipping
Refreshing native plugins compatible for Editor in 0.67 ms, found 5 plugins.
Preloading 0 native plugins for Editor in 0.00 ms.
Unloading 3161 Unused Serialized files (Serialized files now loaded: 0)
System memory in use before: 159.6 MB.
System memory in use after: 159.8 MB.

Unloading 20 unused Assets to reduce memory usage. Loaded Objects now: 3945.
Total: 4.186600 ms (FindLiveObjects: 0.342500 ms CreateObjectMapping: 0.255000 ms MarkObjects: 3.507000 ms  DeleteObjects: 0.081000 ms)

AssetImportParameters requested are different than current active one (requested -> active):
  custom:framework-win-MediaFoundation: 216162199b28c13a410421893ffa2e32 -> 
  custom:video-decoder-ogg-theora: a1e56fd34408186e4bbccfd4996cb3dc -> 
  custom:container-muxer-webm: aa71ff27fc2769a1b78a27578f13a17b -> 
  custom:container-demuxer-webm: 4f35f7cbe854078d1ac9338744f61a02 -> 
  custom:container-demuxer-ogg: 62fdf1f143b41e24485cea50d1cbac27 -> 
  custom:video-encoder-webm-vp8: eb34c28f22e8b96e1ab97ce403110664 -> 
  custom:video-codec-MediaFoundation-h265: 746d11721c4dcdbdad8f713fa42b33f4 -> 
  custom:video-decoder-webm-vp8: 9c59270c3fd7afecdb556c50c9e8de78 -> 
  custom:audio-decoder-ogg-vorbis: bf7c407c2cedff20999df2af8eb42d56 -> 
  custom:audio-encoder-webm-vorbis: bf7c407c2cedff20999df2af8eb42d56 -> 
========================================================================
Received Import Request.
  Time since last request: 525.612676 seconds.
  path: Assets/dust
  artifactKey: Guid(1a37be3a4a162d74884fdac5636b1cec) Importer(815301076,1909f56bfc062723c751e8b465ee728b)
Start importing Assets/dust using Guid(1a37be3a4a162d74884fdac5636b1cec) Importer(815301076,1909f56bfc062723c751e8b465ee728b)  -> (artifact id: 'bc6d84163c13852405293939d30dfb3b') in 0.011716 seconds 
  Import took 0.020082 seconds .

========================================================================
Received Import Request.
  Time since last request: 5.363112 seconds.
  path: Assets/Zombie/Zombie Run.fbx
  artifactKey: Guid(ce8f0c1233a4b0d4d876a39b2a0f3895) Importer(815301076,1909f56bfc062723c751e8b465ee728b)
Start importing Assets/Zombie/Zombie Run.fbx using Guid(ce8f0c1233a4b0d4d876a39b2a0f3895) Importer(815301076,1909f56bfc062723c751e8b465ee728b)  -> (artifact id: '71ac63f5af2735c9a7af21f97b6c44f2') in 0.565056 seconds 
  Import took 0.571826 seconds .

========================================================================
Received Import Request.
  Time since last request: 17.763867 seconds.
  path: Assets/songThaew/songThaew.fbx
  artifactKey: Guid(25bfd167068451444b4444eed1ba835f) Importer(815301076,1909f56bfc062723c751e8b465ee728b)
Start importing Assets/songThaew/songThaew.fbx using Guid(25bfd167068451444b4444eed1ba835f) Importer(815301076,1909f56bfc062723c751e8b465ee728b)  -> (artifact id: 'd9894b9e748b291fa135afc35d07f46b') in 0.406081 seconds 
  Import took 0.412308 seconds .

========================================================================
Received Import Request.
  Time since last request: 12.917856 seconds.
  path: Assets/songThaew/driving.anim
  artifactKey: Guid(4d2cbe27a86d0be4291b8256b251525e) Importer(815301076,1909f56bfc062723c751e8b465ee728b)
Start importing Assets/songThaew/driving.anim using Guid(4d2cbe27a86d0be4291b8256b251525e) Importer(815301076,1909f56bfc062723c751e8b465ee728b)  -> (artifact id: '0392d69938bc3780a280b8c692aea1fe') in 0.016307 seconds 
  Import took 0.023234 seconds .

========================================================================
Received Import Request.
  Time since last request: 1.713130 seconds.
  path: Assets/songThaew/songThaew.fbm/anloTexture.png
  artifactKey: Guid(4f7b7b760aa8a884383eaf5150e2fc36) Importer(815301076,1909f56bfc062723c751e8b465ee728b)
Start importing Assets/songThaew/songThaew.fbm/anloTexture.png using Guid(4f7b7b760aa8a884383eaf5150e2fc36) Importer(815301076,1909f56bfc062723c751e8b465ee728b)  -> (artifact id: 'ca0dbf8e5b98d40a18d031b04a5ee05b') in 0.015809 seconds 
  Import took 0.021619 seconds .

========================================================================
Received Import Request.
  Time since last request: 0.000184 seconds.
  path: Assets/songThaew/songThaew.fbm/solarCellTexture.png
  artifactKey: Guid(b63339b8e4557c0499cc0e0c392efe22) Importer(815301076,1909f56bfc062723c751e8b465ee728b)
Start importing Assets/songThaew/songThaew.fbm/solarCellTexture.png using Guid(b63339b8e4557c0499cc0e0c392efe22) Importer(815301076,1909f56bfc062723c751e8b465ee728b)  -> (artifact id: '82e5d86e88031de07af366c7c81d1788') in 0.013045 seconds 
  Import took 0.019662 seconds .

========================================================================
Received Import Request.
  Time since last request: 0.000227 seconds.
  path: Assets/songThaew/songThaew.fbm/wheelTexture.png
  artifactKey: Guid(de01c1f11afeea84babefc1c4e88c499) Importer(815301076,1909f56bfc062723c751e8b465ee728b)
Start importing Assets/songThaew/songThaew.fbm/wheelTexture.png using Guid(de01c1f11afeea84babefc1c4e88c499) Importer(815301076,1909f56bfc062723c751e8b465ee728b)  -> (artifact id: 'db117d0fea27b8fafaa10b566a842480') in 0.018233 seconds 
  Import took 0.026982 seconds .

========================================================================
Received Import Request.
  Time since last request: 0.000224 seconds.
  path: Assets/songThaew/songThaew.fbm/sponLight3.png
  artifactKey: Guid(44928d1c62c2fbb44a964a31df7ecfa5) Importer(815301076,1909f56bfc062723c751e8b465ee728b)
Start importing Assets/songThaew/songThaew.fbm/sponLight3.png using Guid(44928d1c62c2fbb44a964a31df7ecfa5) Importer(815301076,1909f56bfc062723c751e8b465ee728b)  -> (artifact id: '35f5a613e847b194f93349d5d50b7a38') in 0.019686 seconds 
  Import took 0.027669 seconds .

========================================================================
Received Import Request.
  Time since last request: 0.000254 seconds.
  path: Assets/songThaew/songThaew.fbm/sponLight1.png
  artifactKey: Guid(49b3570971e3f3047811d63bdeb22fb9) Importer(815301076,1909f56bfc062723c751e8b465ee728b)
Start importing Assets/songThaew/songThaew.fbm/sponLight1.png using Guid(49b3570971e3f3047811d63bdeb22fb9) Importer(815301076,1909f56bfc062723c751e8b465ee728b)  -> (artifact id: '00ee1e38fc4a4a7e556b894633cd3f64') in 0.013625 seconds 
  Import took 0.020896 seconds .

========================================================================
Received Import Request.
  Time since last request: 0.000215 seconds.
  path: Assets/songThaew/songThaew.fbm/sonfThaewTexture.png
  artifactKey: Guid(ef53b444b6e27874aa33c2c31e119ba7) Importer(815301076,1909f56bfc062723c751e8b465ee728b)
Start importing Assets/songThaew/songThaew.fbm/sonfThaewTexture.png using Guid(ef53b444b6e27874aa33c2c31e119ba7) Importer(815301076,1909f56bfc062723c751e8b465ee728b)  -> (artifact id: 'ce9ef2ad056da6bca19cabff58a00f28') in 0.022688 seconds 
  Import took 0.029735 seconds .

========================================================================
Received Import Request.
  Time since last request: 0.000363 seconds.
  path: Assets/songThaew/songThaew.fbm/sponLight2.png
  artifactKey: Guid(2d97b9815fa28e2488efd9f22261bb04) Importer(815301076,1909f56bfc062723c751e8b465ee728b)
Start importing Assets/songThaew/songThaew.fbm/sponLight2.png using Guid(2d97b9815fa28e2488efd9f22261bb04) Importer(815301076,1909f56bfc062723c751e8b465ee728b)  -> (artifact id: '28829ce486ca84586f205965ce4eea87') in 0.025083 seconds 
  Import took 0.032138 seconds .

========================================================================
Received Import Request.
  Time since last request: 2.029761 seconds.
  path: Assets/songThaew/Animation/songThaew.controller
  artifactKey: Guid(eacec0e6b99a0104a9f1ff9295193831) Importer(815301076,1909f56bfc062723c751e8b465ee728b)
Start importing Assets/songThaew/Animation/songThaew.controller using Guid(eacec0e6b99a0104a9f1ff9295193831) Importer(815301076,1909f56bfc062723c751e8b465ee728b)  -> (artifact id: '7195a4604ee7ac4d93d94609cdf7488b') in 0.010214 seconds 
  Import took 0.016857 seconds .

========================================================================
Received Prepare
Registering precompiled user dll's ...
Registered in 0.005210 seconds.
Begin MonoManager ReloadAssembly
Native extension for WindowsStandalone target not found
Native extension for WebGL target not found
Refreshing native plugins compatible for Editor in 0.66 ms, found 5 plugins.
Preloading 0 native plugins for Editor in 0.00 ms.
Mono: successfully reloaded assembly
- Completed reload, in  0.994 seconds
Domain Reload Profiling:
	ReloadAssembly (995ms)
		BeginReloadAssembly (118ms)
			ExecutionOrderSort (0ms)
			DisableScriptedObjects (6ms)
			BackupInstance (0ms)
			ReleaseScriptingObjects (0ms)
			CreateAndSetChildDomain (38ms)
		EndReloadAssembly (822ms)
			LoadAssemblies (78ms)
			RebuildTransferFunctionScriptingTraits (0ms)
			SetupTypeCache (268ms)
			ReleaseScriptCaches (1ms)
			RebuildScriptCaches (38ms)
			SetupLoadedEditorAssemblies (283ms)
				LogAssemblyErrors (0ms)
				InitializePlatformSupportModulesInManaged (4ms)
				SetLoadedEditorAssemblies (0ms)
				RefreshPlugins (1ms)
				BeforeProcessingInitializeOnLoad (78ms)
				ProcessInitializeOnLoadAttributes (191ms)
				ProcessInitializeOnLoadMethodAttributes (3ms)
				AfterProcessingInitializeOnLoad (5ms)
				EditorAssembliesLoaded (0ms)
			ExecutionOrderSort2 (0ms)
			AwakeInstancesAfterBackupRestoration (44ms)
Platform modules already initialized, skipping
Refreshing native plugins compatible for Editor in 0.76 ms, found 5 plugins.
Preloading 0 native plugins for Editor in 0.00 ms.
Unloading 3161 Unused Serialized files (Serialized files now loaded: 0)
System memory in use before: 173.1 MB.
System memory in use after: 173.3 MB.

Unloading 20 unused Assets to reduce memory usage. Loaded Objects now: 3987.
Total: 3.535800 ms (FindLiveObjects: 0.369000 ms CreateObjectMapping: 0.236600 ms MarkObjects: 2.852300 ms  DeleteObjects: 0.076600 ms)

AssetImportParameters requested are different than current active one (requested -> active):
  custom:framework-win-MediaFoundation: 216162199b28c13a410421893ffa2e32 -> 
  custom:video-decoder-ogg-theora: a1e56fd34408186e4bbccfd4996cb3dc -> 
  custom:container-muxer-webm: aa71ff27fc2769a1b78a27578f13a17b -> 
  custom:container-demuxer-webm: 4f35f7cbe854078d1ac9338744f61a02 -> 
  custom:container-demuxer-ogg: 62fdf1f143b41e24485cea50d1cbac27 -> 
  custom:video-encoder-webm-vp8: eb34c28f22e8b96e1ab97ce403110664 -> 
  custom:video-codec-MediaFoundation-h265: 746d11721c4dcdbdad8f713fa42b33f4 -> 
  custom:video-decoder-webm-vp8: 9c59270c3fd7afecdb556c50c9e8de78 -> 
  custom:audio-decoder-ogg-vorbis: bf7c407c2cedff20999df2af8eb42d56 -> 
  custom:audio-encoder-webm-vorbis: bf7c407c2cedff20999df2af8eb42d56 -> 
========================================================================
Received Import Request.
  Time since last request: 1056.350837 seconds.
  path: Assets/Matirial.mat
  artifactKey: Guid(387fad3bff0be9d40b753dc703edb45b) Importer(815301076,1909f56bfc062723c751e8b465ee728b)
Start importing Assets/Matirial.mat using Guid(387fad3bff0be9d40b753dc703edb45b) Importer(815301076,1909f56bfc062723c751e8b465ee728b)  -> (artifact id: '6e33471e82b26844a4739cff7fbf0d95') in 0.136133 seconds 
  Import took 0.141925 seconds .

========================================================================
Received Import Request.
  Time since last request: 22.791845 seconds.
  path: Assets/Material
  artifactKey: Guid(065661fb882f46945b13c83d0027fa9b) Importer(815301076,1909f56bfc062723c751e8b465ee728b)
Start importing Assets/Material using Guid(065661fb882f46945b13c83d0027fa9b) Importer(815301076,1909f56bfc062723c751e8b465ee728b)  -> (artifact id: 'cc2f30a745ec12a3a0504d038d74cd4d') in 0.007199 seconds 
  Import took 0.013732 seconds .

========================================================================
Received Import Request.
  Time since last request: 31.850754 seconds.
  path: Assets/Scenes/sample
  artifactKey: Guid(b855bb1447a68374e85f225414fec2d0) Importer(815301076,1909f56bfc062723c751e8b465ee728b)
Start importing Assets/Scenes/sample using Guid(b855bb1447a68374e85f225414fec2d0) Importer(815301076,1909f56bfc062723c751e8b465ee728b)  -> (artifact id: '8efac531e21d2f240603b9bf695d6c36') in 0.006358 seconds 
  Import took 0.014698 seconds .

========================================================================
Received Import Request.
  Time since last request: 1.427200 seconds.
  path: Assets/Scenes/songThaew.unity
  artifactKey: Guid(9fc0d4010bbf28b4594072e72b8655ab) Importer(815301076,1909f56bfc062723c751e8b465ee728b)
Start importing Assets/Scenes/songThaew.unity using Guid(9fc0d4010bbf28b4594072e72b8655ab) Importer(815301076,1909f56bfc062723c751e8b465ee728b)  -> (artifact id: 'bb843a19337595f3f3e617cfc77ab1e1') in 0.007869 seconds 
  Import took 0.014443 seconds .

========================================================================
Received Import Request.
  Time since last request: 13.259071 seconds.
  path: Assets/Scenes/sample.unity
  artifactKey: Guid(b3c0ede2d23ed104a98d6733b505783a) Importer(815301076,1909f56bfc062723c751e8b465ee728b)
Start importing Assets/Scenes/sample.unity using Guid(b3c0ede2d23ed104a98d6733b505783a) Importer(815301076,1909f56bfc062723c751e8b465ee728b)  -> (artifact id: '331fbce3c8332c14dccd9edb7735a32d') in 0.007453 seconds 
  Import took 0.015158 seconds .

========================================================================
Received Prepare
Registering precompiled user dll's ...
Registered in 0.004010 seconds.
Begin MonoManager ReloadAssembly
Native extension for WindowsStandalone target not found
Native extension for WebGL target not found
Refreshing native plugins compatible for Editor in 0.63 ms, found 5 plugins.
Preloading 0 native plugins for Editor in 0.00 ms.
Mono: successfully reloaded assembly
- Completed reload, in  1.711 seconds
Domain Reload Profiling:
	ReloadAssembly (1723ms)
		BeginReloadAssembly (462ms)
			ExecutionOrderSort (0ms)
			DisableScriptedObjects (48ms)
			BackupInstance (0ms)
			ReleaseScriptingObjects (1ms)
			CreateAndSetChildDomain (217ms)
		EndReloadAssembly (1153ms)
			LoadAssemblies (175ms)
			RebuildTransferFunctionScriptingTraits (0ms)
			SetupTypeCache (460ms)
			ReleaseScriptCaches (2ms)
			RebuildScriptCaches (39ms)
			SetupLoadedEditorAssemblies (280ms)
				LogAssemblyErrors (0ms)
				InitializePlatformSupportModulesInManaged (5ms)
				SetLoadedEditorAssemblies (0ms)
				RefreshPlugins (1ms)
				BeforeProcessingInitializeOnLoad (78ms)
				ProcessInitializeOnLoadAttributes (183ms)
				ProcessInitializeOnLoadMethodAttributes (5ms)
				AfterProcessingInitializeOnLoad (7ms)
				EditorAssembliesLoaded (0ms)
			ExecutionOrderSort2 (0ms)
			AwakeInstancesAfterBackupRestoration (74ms)
Platform modules already initialized, skipping
Refreshing native plugins compatible for Editor in 2.22 ms, found 5 plugins.
Preloading 0 native plugins for Editor in 0.00 ms.
Unloading 3161 Unused Serialized files (Serialized files now loaded: 0)
System memory in use before: 173.3 MB.
System memory in use after: 173.5 MB.

Unloading 20 unused Assets to reduce memory usage. Loaded Objects now: 4026.
Total: 10.623500 ms (FindLiveObjects: 1.188300 ms CreateObjectMapping: 0.651900 ms MarkObjects: 8.509800 ms  DeleteObjects: 0.266500 ms)

AssetImportParameters requested are different than current active one (requested -> active):
  custom:framework-win-MediaFoundation: 216162199b28c13a410421893ffa2e32 -> 
  custom:video-decoder-ogg-theora: a1e56fd34408186e4bbccfd4996cb3dc -> 
  custom:container-muxer-webm: aa71ff27fc2769a1b78a27578f13a17b -> 
  custom:container-demuxer-webm: 4f35f7cbe854078d1ac9338744f61a02 -> 
  custom:container-demuxer-ogg: 62fdf1f143b41e24485cea50d1cbac27 -> 
  custom:video-encoder-webm-vp8: eb34c28f22e8b96e1ab97ce403110664 -> 
  custom:video-codec-MediaFoundation-h265: 746d11721c4dcdbdad8f713fa42b33f4 -> 
  custom:video-decoder-webm-vp8: 9c59270c3fd7afecdb556c50c9e8de78 -> 
  custom:audio-decoder-ogg-vorbis: bf7c407c2cedff20999df2af8eb42d56 -> 
  custom:audio-encoder-webm-vorbis: bf7c407c2cedff20999df2af8eb42d56 -> 
========================================================================
Received Prepare
Registering precompiled user dll's ...
Registered in 0.002406 seconds.
Begin MonoManager ReloadAssembly
Native extension for WindowsStandalone target not found
Native extension for WebGL target not found
Refreshing native plugins compatible for Editor in 0.61 ms, found 5 plugins.
Preloading 0 native plugins for Editor in 0.00 ms.
Mono: successfully reloaded assembly
- Completed reload, in  1.008 seconds
Domain Reload Profiling:
	ReloadAssembly (1009ms)
		BeginReloadAssembly (163ms)
			ExecutionOrderSort (0ms)
			DisableScriptedObjects (5ms)
			BackupInstance (0ms)
			ReleaseScriptingObjects (0ms)
			CreateAndSetChildDomain (36ms)
		EndReloadAssembly (793ms)
			LoadAssemblies (83ms)
			RebuildTransferFunctionScriptingTraits (0ms)
			SetupTypeCache (270ms)
			ReleaseScriptCaches (1ms)
			RebuildScriptCaches (38ms)
			SetupLoadedEditorAssemblies (271ms)
				LogAssemblyErrors (0ms)
				InitializePlatformSupportModulesInManaged (4ms)
				SetLoadedEditorAssemblies (0ms)
				RefreshPlugins (1ms)
				BeforeProcessingInitializeOnLoad (81ms)
				ProcessInitializeOnLoadAttributes (177ms)
				ProcessInitializeOnLoadMethodAttributes (3ms)
				AfterProcessingInitializeOnLoad (5ms)
				EditorAssembliesLoaded (0ms)
			ExecutionOrderSort2 (0ms)
			AwakeInstancesAfterBackupRestoration (19ms)
Platform modules already initialized, skipping
Refreshing native plugins compatible for Editor in 0.68 ms, found 5 plugins.
Preloading 0 native plugins for Editor in 0.00 ms.
Unloading 3161 Unused Serialized files (Serialized files now loaded: 0)
System memory in use before: 173.4 MB.
System memory in use after: 173.5 MB.

Unloading 20 unused Assets to reduce memory usage. Loaded Objects now: 4028.
Total: 3.485900 ms (FindLiveObjects: 0.335400 ms CreateObjectMapping: 0.165900 ms MarkObjects: 2.892900 ms  DeleteObjects: 0.090500 ms)

AssetImportParameters requested are different than current active one (requested -> active):
  custom:framework-win-MediaFoundation: 216162199b28c13a410421893ffa2e32 -> 
  custom:video-decoder-ogg-theora: a1e56fd34408186e4bbccfd4996cb3dc -> 
  custom:container-muxer-webm: aa71ff27fc2769a1b78a27578f13a17b -> 
  custom:container-demuxer-webm: 4f35f7cbe854078d1ac9338744f61a02 -> 
  custom:container-demuxer-ogg: 62fdf1f143b41e24485cea50d1cbac27 -> 
  custom:video-encoder-webm-vp8: eb34c28f22e8b96e1ab97ce403110664 -> 
  custom:video-codec-MediaFoundation-h265: 746d11721c4dcdbdad8f713fa42b33f4 -> 
  custom:video-decoder-webm-vp8: 9c59270c3fd7afecdb556c50c9e8de78 -> 
  custom:audio-decoder-ogg-vorbis: bf7c407c2cedff20999df2af8eb42d56 -> 
  custom:audio-encoder-webm-vorbis: bf7c407c2cedff20999df2af8eb42d56 -> 
========================================================================
Received Prepare
Registering precompiled user dll's ...
Registered in 0.002375 seconds.
Begin MonoManager ReloadAssembly
Native extension for WindowsStandalone target not found
Native extension for WebGL target not found
Refreshing native plugins compatible for Editor in 0.61 ms, found 5 plugins.
Preloading 0 native plugins for Editor in 0.00 ms.
Mono: successfully reloaded assembly
- Completed reload, in  1.040 seconds
Domain Reload Profiling:
	ReloadAssembly (1040ms)
		BeginReloadAssembly (108ms)
			ExecutionOrderSort (0ms)
			DisableScriptedObjects (4ms)
			BackupInstance (0ms)
			ReleaseScriptingObjects (0ms)
			CreateAndSetChildDomain (29ms)
		EndReloadAssembly (879ms)
			LoadAssemblies (126ms)
			RebuildTransferFunctionScriptingTraits (0ms)
			SetupTypeCache (285ms)
			ReleaseScriptCaches (1ms)
			RebuildScriptCaches (39ms)
			SetupLoadedEditorAssemblies (292ms)
				LogAssemblyErrors (0ms)
				InitializePlatformSupportModulesInManaged (5ms)
				SetLoadedEditorAssemblies (0ms)
				RefreshPlugins (1ms)
				BeforeProcessingInitializeOnLoad (85ms)
				ProcessInitializeOnLoadAttributes (193ms)
				ProcessInitializeOnLoadMethodAttributes (3ms)
				AfterProcessingInitializeOnLoad (5ms)
				EditorAssembliesLoaded (0ms)
			ExecutionOrderSort2 (0ms)
			AwakeInstancesAfterBackupRestoration (20ms)
Platform modules already initialized, skipping
Refreshing native plugins compatible for Editor in 0.63 ms, found 5 plugins.
Preloading 0 native plugins for Editor in 0.00 ms.
Unloading 3161 Unused Serialized files (Serialized files now loaded: 0)
System memory in use before: 173.4 MB.
System memory in use after: 173.6 MB.

Unloading 20 unused Assets to reduce memory usage. Loaded Objects now: 4030.
Total: 4.214700 ms (FindLiveObjects: 0.336100 ms CreateObjectMapping: 0.165500 ms MarkObjects: 3.577100 ms  DeleteObjects: 0.134800 ms)

AssetImportParameters requested are different than current active one (requested -> active):
  custom:framework-win-MediaFoundation: 216162199b28c13a410421893ffa2e32 -> 
  custom:video-decoder-ogg-theora: a1e56fd34408186e4bbccfd4996cb3dc -> 
  custom:container-muxer-webm: aa71ff27fc2769a1b78a27578f13a17b -> 
  custom:container-demuxer-webm: 4f35f7cbe854078d1ac9338744f61a02 -> 
  custom:container-demuxer-ogg: 62fdf1f143b41e24485cea50d1cbac27 -> 
  custom:video-encoder-webm-vp8: eb34c28f22e8b96e1ab97ce403110664 -> 
  custom:video-codec-MediaFoundation-h265: 746d11721c4dcdbdad8f713fa42b33f4 -> 
  custom:video-decoder-webm-vp8: 9c59270c3fd7afecdb556c50c9e8de78 -> 
  custom:audio-decoder-ogg-vorbis: bf7c407c2cedff20999df2af8eb42d56 -> 
  custom:audio-encoder-webm-vorbis: bf7c407c2cedff20999df2af8eb42d56 -> 
========================================================================
Received Prepare
Registering precompiled user dll's ...
Registered in 0.002550 seconds.
Begin MonoManager ReloadAssembly
Native extension for WindowsStandalone target not found
Native extension for WebGL target not found
Refreshing native plugins compatible for Editor in 0.64 ms, found 5 plugins.
Preloading 0 native plugins for Editor in 0.00 ms.
Mono: successfully reloaded assembly
- Completed reload, in  1.018 seconds
Domain Reload Profiling:
	ReloadAssembly (1018ms)
		BeginReloadAssembly (104ms)
			ExecutionOrderSort (0ms)
			DisableScriptedObjects (4ms)
			BackupInstance (0ms)
			ReleaseScriptingObjects (0ms)
			CreateAndSetChildDomain (30ms)
		EndReloadAssembly (862ms)
			LoadAssemblies (73ms)
			RebuildTransferFunctionScriptingTraits (0ms)
			SetupTypeCache (270ms)
			ReleaseScriptCaches (1ms)
			RebuildScriptCaches (39ms)
			SetupLoadedEditorAssemblies (275ms)
				LogAssemblyErrors (0ms)
				InitializePlatformSupportModulesInManaged (6ms)
				SetLoadedEditorAssemblies (2ms)
				RefreshPlugins (1ms)
				BeforeProcessingInitializeOnLoad (78ms)
				ProcessInitializeOnLoadAttributes (180ms)
				ProcessInitializeOnLoadMethodAttributes (3ms)
				AfterProcessingInitializeOnLoad (5ms)
				EditorAssembliesLoaded (0ms)
			ExecutionOrderSort2 (0ms)
			AwakeInstancesAfterBackupRestoration (19ms)
Platform modules already initialized, skipping
Refreshing native plugins compatible for Editor in 0.63 ms, found 5 plugins.
Preloading 0 native plugins for Editor in 0.00 ms.
Unloading 3161 Unused Serialized files (Serialized files now loaded: 0)
System memory in use before: 173.4 MB.
System memory in use after: 173.6 MB.

Unloading 20 unused Assets to reduce memory usage. Loaded Objects now: 4032.
Total: 3.868100 ms (FindLiveObjects: 0.403100 ms CreateObjectMapping: 0.305400 ms MarkObjects: 3.064300 ms  DeleteObjects: 0.094400 ms)

AssetImportParameters requested are different than current active one (requested -> active):
  custom:framework-win-MediaFoundation: 216162199b28c13a410421893ffa2e32 -> 
  custom:video-decoder-ogg-theora: a1e56fd34408186e4bbccfd4996cb3dc -> 
  custom:container-muxer-webm: aa71ff27fc2769a1b78a27578f13a17b -> 
  custom:container-demuxer-webm: 4f35f7cbe854078d1ac9338744f61a02 -> 
  custom:container-demuxer-ogg: 62fdf1f143b41e24485cea50d1cbac27 -> 
  custom:video-encoder-webm-vp8: eb34c28f22e8b96e1ab97ce403110664 -> 
  custom:video-codec-MediaFoundation-h265: 746d11721c4dcdbdad8f713fa42b33f4 -> 
  custom:video-decoder-webm-vp8: 9c59270c3fd7afecdb556c50c9e8de78 -> 
  custom:audio-decoder-ogg-vorbis: bf7c407c2cedff20999df2af8eb42d56 -> 
  custom:audio-encoder-webm-vorbis: bf7c407c2cedff20999df2af8eb42d56 -> 
========================================================================
Received Prepare
Registering precompiled user dll's ...
Registered in 0.002528 seconds.
Begin MonoManager ReloadAssembly
Native extension for WindowsStandalone target not found
Native extension for WebGL target not found
Refreshing native plugins compatible for Editor in 0.67 ms, found 5 plugins.
Preloading 0 native plugins for Editor in 0.00 ms.
Mono: successfully reloaded assembly
- Completed reload, in  0.960 seconds
Domain Reload Profiling:
	ReloadAssembly (960ms)
		BeginReloadAssembly (112ms)
			ExecutionOrderSort (0ms)
			DisableScriptedObjects (4ms)
			BackupInstance (0ms)
			ReleaseScriptingObjects (0ms)
			CreateAndSetChildDomain (30ms)
		EndReloadAssembly (795ms)
			LoadAssemblies (78ms)
			RebuildTransferFunctionScriptingTraits (0ms)
			SetupTypeCache (277ms)
			ReleaseScriptCaches (1ms)
			RebuildScriptCaches (39ms)
			SetupLoadedEditorAssemblies (277ms)
				LogAssemblyErrors (0ms)
				InitializePlatformSupportModulesInManaged (5ms)
				SetLoadedEditorAssemblies (0ms)
				RefreshPlugins (1ms)
				BeforeProcessingInitializeOnLoad (78ms)
				ProcessInitializeOnLoadAttributes (184ms)
				ProcessInitializeOnLoadMethodAttributes (3ms)
				AfterProcessingInitializeOnLoad (5ms)
				EditorAssembliesLoaded (0ms)
			ExecutionOrderSort2 (0ms)
			AwakeInstancesAfterBackupRestoration (19ms)
Platform modules already initialized, skipping
Refreshing native plugins compatible for Editor in 0.65 ms, found 5 plugins.
Preloading 0 native plugins for Editor in 0.00 ms.
Unloading 3161 Unused Serialized files (Serialized files now loaded: 0)
System memory in use before: 173.3 MB.
System memory in use after: 173.5 MB.

Unloading 20 unused Assets to reduce memory usage. Loaded Objects now: 4034.
Total: 3.169900 ms (FindLiveObjects: 0.346700 ms CreateObjectMapping: 0.169000 ms MarkObjects: 2.574800 ms  DeleteObjects: 0.078400 ms)

AssetImportParameters requested are different than current active one (requested -> active):
  custom:framework-win-MediaFoundation: 216162199b28c13a410421893ffa2e32 -> 
  custom:video-decoder-ogg-theora: a1e56fd34408186e4bbccfd4996cb3dc -> 
  custom:container-muxer-webm: aa71ff27fc2769a1b78a27578f13a17b -> 
  custom:container-demuxer-webm: 4f35f7cbe854078d1ac9338744f61a02 -> 
  custom:container-demuxer-ogg: 62fdf1f143b41e24485cea50d1cbac27 -> 
  custom:video-encoder-webm-vp8: eb34c28f22e8b96e1ab97ce403110664 -> 
  custom:video-codec-MediaFoundation-h265: 746d11721c4dcdbdad8f713fa42b33f4 -> 
  custom:video-decoder-webm-vp8: 9c59270c3fd7afecdb556c50c9e8de78 -> 
  custom:audio-decoder-ogg-vorbis: bf7c407c2cedff20999df2af8eb42d56 -> 
  custom:audio-encoder-webm-vorbis: bf7c407c2cedff20999df2af8eb42d56 -> 
========================================================================
Received Import Request.
  Time since last request: 3251.454879 seconds.
  path: Assets/New Folder
  artifactKey: Guid(4d3f3727bc8799c4e8a02bd320c629ec) Importer(815301076,1909f56bfc062723c751e8b465ee728b)
Start importing Assets/New Folder using Guid(4d3f3727bc8799c4e8a02bd320c629ec) Importer(815301076,1909f56bfc062723c751e8b465ee728b)  -> (artifact id: 'be2803b1bd8c8f9a31ec4e736303bcf0') in 0.025323 seconds 
  Import took 0.041642 seconds .

========================================================================
Received Import Request.
  Time since last request: 36.801195 seconds.
  path: Assets/New Folder/songThaew.fbx
  artifactKey: Guid(5d3f1b06b31571444aaec54fdffa21c0) Importer(815301076,1909f56bfc062723c751e8b465ee728b)
Start importing Assets/New Folder/songThaew.fbx using Guid(5d3f1b06b31571444aaec54fdffa21c0) Importer(815301076,1909f56bfc062723c751e8b465ee728b)  -> (artifact id: '43f95882ca8ddcddb6ec5176e7861c1c') in 0.844359 seconds 
  Import took 0.851928 seconds .

========================================================================
Received Import Request.
  Time since last request: 7.577844 seconds.
  path: Assets/New Folder/songThaew.fbx
  artifactKey: Guid(5d3f1b06b31571444aaec54fdffa21c0) Importer(815301076,1909f56bfc062723c751e8b465ee728b)
Start importing Assets/New Folder/songThaew.fbx using Guid(5d3f1b06b31571444aaec54fdffa21c0) Importer(815301076,1909f56bfc062723c751e8b465ee728b)  -> (artifact id: '0f8f5fffdd2f3d4309377af1178c8439') in 0.205266 seconds 
  Import took 0.211671 seconds .

========================================================================
Received Import Request.
  Time since last request: 0.911132 seconds.
  path: Assets/New Folder/Materials
  artifactKey: Guid(99a9f1ab60ddc324dbb1dfc15799cfad) Importer(815301076,1909f56bfc062723c751e8b465ee728b)
Start importing Assets/New Folder/Materials using Guid(99a9f1ab60ddc324dbb1dfc15799cfad) Importer(815301076,1909f56bfc062723c751e8b465ee728b)  -> (artifact id: '5a97ba0265cf32b7e9234b53980a2377') in 0.007685 seconds 
  Import took 0.013326 seconds .

========================================================================
Received Import Request.
  Time since last request: 0.046962 seconds.
  path: Assets/New Folder/Materials/anloTexture.mat
  artifactKey: Guid(f7de52c3a24145b49a4e884b172f7a34) Importer(815301076,1909f56bfc062723c751e8b465ee728b)
Start importing Assets/New Folder/Materials/anloTexture.mat using Guid(f7de52c3a24145b49a4e884b172f7a34) Importer(815301076,1909f56bfc062723c751e8b465ee728b)  -> (artifact id: '167c2e678c61271626dd2e565429e0bd') in 0.024192 seconds 
  Import took 0.033205 seconds .

========================================================================
Received Import Request.
  Time since last request: 0.000142 seconds.
  path: Assets/New Folder/Materials/wheelTexture.mat
  artifactKey: Guid(6d4e518fdc51e494283cdce646e09091) Importer(815301076,1909f56bfc062723c751e8b465ee728b)
Start importing Assets/New Folder/Materials/wheelTexture.mat using Guid(6d4e518fdc51e494283cdce646e09091) Importer(815301076,1909f56bfc062723c751e8b465ee728b)  -> (artifact id: 'cf6f3b5d3113db9e853b72cd0b5600de') in 0.034629 seconds 
  Import took 0.039678 seconds .

========================================================================
Received Import Request.
  Time since last request: 0.000178 seconds.
  path: Assets/New Folder/Materials/ironStruture.mat
  artifactKey: Guid(354209184ed13b54a9f4b95753a50bf9) Importer(815301076,1909f56bfc062723c751e8b465ee728b)
Start importing Assets/New Folder/Materials/ironStruture.mat using Guid(354209184ed13b54a9f4b95753a50bf9) Importer(815301076,1909f56bfc062723c751e8b465ee728b)  -> (artifact id: 'e068353639400d5fa44847c3835fce4a') in 0.033111 seconds 
  Import took 0.040995 seconds .

========================================================================
Received Import Request.
  Time since last request: 0.000289 seconds.
  path: Assets/New Folder/Materials/back.mat
  artifactKey: Guid(61f2f47b91ca0b94aa74913c202c700d) Importer(815301076,1909f56bfc062723c751e8b465ee728b)
Start importing Assets/New Folder/Materials/back.mat using Guid(61f2f47b91ca0b94aa74913c202c700d) Importer(815301076,1909f56bfc062723c751e8b465ee728b)  -> (artifact id: 'e3a1c39ac53b6db9561fd07c9467132d') in 0.023675 seconds 
  Import took 0.030865 seconds .

========================================================================
Received Import Request.
  Time since last request: 0.000275 seconds.
  path: Assets/New Folder/Materials/solarCellTexture.mat
  artifactKey: Guid(53f781bd4ce4f0f4da98a4e486682120) Importer(815301076,1909f56bfc062723c751e8b465ee728b)
Start importing Assets/New Folder/Materials/solarCellTexture.mat using Guid(53f781bd4ce4f0f4da98a4e486682120) Importer(815301076,1909f56bfc062723c751e8b465ee728b)  -> (artifact id: '25a8a027534a2a54a559603856157b66') in 0.029458 seconds 
  Import took 0.040496 seconds .

========================================================================
Received Import Request.
  Time since last request: 0.000493 seconds.
  path: Assets/New Folder/Materials/light2.mat
  artifactKey: Guid(a1ec63cbbcd322c419d01797cfed29d3) Importer(815301076,1909f56bfc062723c751e8b465ee728b)
Start importing Assets/New Folder/Materials/light2.mat using Guid(a1ec63cbbcd322c419d01797cfed29d3) Importer(815301076,1909f56bfc062723c751e8b465ee728b)  -> (artifact id: '58964ee1a846280cfc1085f99570440d') in 0.027407 seconds 
  Import took 0.040016 seconds .

========================================================================
Received Import Request.
  Time since last request: 0.000271 seconds.
  path: Assets/New Folder/Materials/sonfThaewTexture.mat
  artifactKey: Guid(ae0f4d2614b58d84eb0cf06c64982616) Importer(815301076,1909f56bfc062723c751e8b465ee728b)
Start importing Assets/New Folder/Materials/sonfThaewTexture.mat using Guid(ae0f4d2614b58d84eb0cf06c64982616) Importer(815301076,1909f56bfc062723c751e8b465ee728b)  -> (artifact id: 'afda3a6b4f7e9babf36f371a9529ebd0') in 0.034067 seconds 
  Import took 0.046175 seconds .

========================================================================
Received Import Request.
  Time since last request: 0.000364 seconds.
  path: Assets/New Folder/Materials/sponLight1.mat
  artifactKey: Guid(32652628667013743a8eedf4b77d9fd0) Importer(815301076,1909f56bfc062723c751e8b465ee728b)
Start importing Assets/New Folder/Materials/sponLight1.mat using Guid(32652628667013743a8eedf4b77d9fd0) Importer(815301076,1909f56bfc062723c751e8b465ee728b)  -> (artifact id: '5907793f9028c83d2255c194f9fa45d3') in 0.028855 seconds 
  Import took 0.037634 seconds .

========================================================================
Received Import Request.
  Time since last request: 0.000216 seconds.
  path: Assets/New Folder/Materials/sponLight2.mat
  artifactKey: Guid(2899adde2ea7c824e8952d0d3a6eb70d) Importer(815301076,1909f56bfc062723c751e8b465ee728b)
Start importing Assets/New Folder/Materials/sponLight2.mat using Guid(2899adde2ea7c824e8952d0d3a6eb70d) Importer(815301076,1909f56bfc062723c751e8b465ee728b)  -> (artifact id: '22428794d14b18c0db68e6c11b2d71be') in 0.032044 seconds 
  Import took 0.042907 seconds .

========================================================================
Received Import Request.
  Time since last request: 0.000180 seconds.
  path: Assets/New Folder/Materials/sponLight3.mat
  artifactKey: Guid(3e61390ba20b3b144ba190a30f292cf4) Importer(815301076,1909f56bfc062723c751e8b465ee728b)
Start importing Assets/New Folder/Materials/sponLight3.mat using Guid(3e61390ba20b3b144ba190a30f292cf4) Importer(815301076,1909f56bfc062723c751e8b465ee728b)  -> (artifact id: 'ddd7b4bb9a0112e75ca8a4dffec9bfdd') in 0.027919 seconds 
  Import took 0.036222 seconds .

========================================================================
Received Import Request.
  Time since last request: 0.000181 seconds.
  path: Assets/New Folder/Materials/justBox.mat
  artifactKey: Guid(99a867948ce12554ba33b546794c3d9c) Importer(815301076,1909f56bfc062723c751e8b465ee728b)
Start importing Assets/New Folder/Materials/justBox.mat using Guid(99a867948ce12554ba33b546794c3d9c) Importer(815301076,1909f56bfc062723c751e8b465ee728b)  -> (artifact id: 'e18f4623462fd8400e816c4805f694a3') in 0.027889 seconds 
  Import took 0.036574 seconds .

========================================================================
Received Import Request.
  Time since last request: 0.000277 seconds.
  path: Assets/New Folder/Materials/light1.mat
  artifactKey: Guid(e90daa687bce352408b860c68d12a48e) Importer(815301076,1909f56bfc062723c751e8b465ee728b)
Start importing Assets/New Folder/Materials/light1.mat using Guid(e90daa687bce352408b860c68d12a48e) Importer(815301076,1909f56bfc062723c751e8b465ee728b)  -> (artifact id: 'b6ef5cc70251b0c3dffea4cafd381101') in 0.027195 seconds 
  Import took 0.039424 seconds .

========================================================================
Received Import Request.
  Time since last request: 9.185948 seconds.
  path: Assets/New Folder/Take 001.anim
  artifactKey: Guid(3199b427672a364419148d51267a8cf5) Importer(815301076,1909f56bfc062723c751e8b465ee728b)
Start importing Assets/New Folder/Take 001.anim using Guid(3199b427672a364419148d51267a8cf5) Importer(815301076,1909f56bfc062723c751e8b465ee728b)  -> (artifact id: '1ed6290327d292c1ad44aa6a07e39b7b') in 0.007163 seconds 
  Import took 0.015226 seconds .

========================================================================
Received Import Request.
  Time since last request: 7.532285 seconds.
  path: Assets/New Folder/songThaew.fbm
  artifactKey: Guid(65e364fee20e0a848b420d7874dc48d5) Importer(815301076,1909f56bfc062723c751e8b465ee728b)
Start importing Assets/New Folder/songThaew.fbm using Guid(65e364fee20e0a848b420d7874dc48d5) Importer(815301076,1909f56bfc062723c751e8b465ee728b)  -> (artifact id: '19bcb7a8cccbbba49bd789afe04e3103') in 0.005502 seconds 
  Import took 0.020422 seconds .

========================================================================
Received Import Request.
  Time since last request: 0.059781 seconds.
  path: Assets/New Folder/songThaew.fbm/anloTexture.png
  artifactKey: Guid(d75ca9552053c284793bb6e61011a7e9) Importer(815301076,1909f56bfc062723c751e8b465ee728b)
Start importing Assets/New Folder/songThaew.fbm/anloTexture.png using Guid(d75ca9552053c284793bb6e61011a7e9) Importer(815301076,1909f56bfc062723c751e8b465ee728b)  -> (artifact id: '2378db589090537fb5a3666f8bd3d874') in 0.019335 seconds 
  Import took 0.032034 seconds .

========================================================================
Received Import Request.
  Time since last request: 0.000156 seconds.
  path: Assets/New Folder/songThaew.fbm/wheelTexture.png
  artifactKey: Guid(b4ce15583d28df34cbf77eacf78d39f8) Importer(815301076,1909f56bfc062723c751e8b465ee728b)
Start importing Assets/New Folder/songThaew.fbm/wheelTexture.png using Guid(b4ce15583d28df34cbf77eacf78d39f8) Importer(815301076,1909f56bfc062723c751e8b465ee728b)  -> (artifact id: '724699570120ec11accd56837a1b6e9e') in 0.022355 seconds 
  Import took 0.027644 seconds .

========================================================================
Received Import Request.
  Time since last request: 0.000292 seconds.
  path: Assets/New Folder/songThaew.fbm/solarCellTexture.png
  artifactKey: Guid(caf0884100ef7684c947746ad5c8be3c) Importer(815301076,1909f56bfc062723c751e8b465ee728b)
Start importing Assets/New Folder/songThaew.fbm/solarCellTexture.png using Guid(caf0884100ef7684c947746ad5c8be3c) Importer(815301076,1909f56bfc062723c751e8b465ee728b)  -> (artifact id: 'f68991a1252d184ad73e6d1382c237e5') in 0.014864 seconds 
  Import took 0.026845 seconds .

========================================================================
Received Import Request.
  Time since last request: 0.000721 seconds.
  path: Assets/New Folder/songThaew.fbm/sonfThaewTexture.png
  artifactKey: Guid(1efc3f3abab29274b883ecd0c0d38cbf) Importer(815301076,1909f56bfc062723c751e8b465ee728b)
Start importing Assets/New Folder/songThaew.fbm/sonfThaewTexture.png using Guid(1efc3f3abab29274b883ecd0c0d38cbf) Importer(815301076,1909f56bfc062723c751e8b465ee728b)  -> (artifact id: '069e11b626509012e0f0354be466c971') in 0.022056 seconds 
  Import took 0.037245 seconds .

========================================================================
Received Import Request.
  Time since last request: 0.001236 seconds.
  path: Assets/New Folder/songThaew.fbm/sponLight3.png
  artifactKey: Guid(163508714ded4294d96b02b41204e8c9) Importer(815301076,1909f56bfc062723c751e8b465ee728b)
Start importing Assets/New Folder/songThaew.fbm/sponLight3.png using Guid(163508714ded4294d96b02b41204e8c9) Importer(815301076,1909f56bfc062723c751e8b465ee728b)  -> (artifact id: 'ac5d3e399f61fffba12d56899dcb66dc') in 0.024319 seconds 
  Import took 0.042456 seconds .

========================================================================
Received Import Request.
  Time since last request: 0.000815 seconds.
  path: Assets/New Folder/songThaew.fbm/sponLight2.png
  artifactKey: Guid(74bc07e71121c704cb559fcb4de61bf8) Importer(815301076,1909f56bfc062723c751e8b465ee728b)
Start importing Assets/New Folder/songThaew.fbm/sponLight2.png using Guid(74bc07e71121c704cb559fcb4de61bf8) Importer(815301076,1909f56bfc062723c751e8b465ee728b)  -> (artifact id: '3f83280ead6ec30e0621e49d482ae9bf') in 0.034478 seconds 
  Import took 0.048681 seconds .

========================================================================
Received Import Request.
  Time since last request: 0.000336 seconds.
  path: Assets/New Folder/songThaew.fbm/sponLight1.png
  artifactKey: Guid(9363c7546d4a1aa4593a6f5877b8da79) Importer(815301076,1909f56bfc062723c751e8b465ee728b)
Start importing Assets/New Folder/songThaew.fbm/sponLight1.png using Guid(9363c7546d4a1aa4593a6f5877b8da79) Importer(815301076,1909f56bfc062723c751e8b465ee728b)  -> (artifact id: '06529ea0d1da7eb1c13bdb9f40cc5906') in 0.019436 seconds 
  Import took 0.033996 seconds .

========================================================================
Received Import Request.
  Time since last request: 24.169096 seconds.
  path: Assets/New Folder/sonfThaew.controller
  artifactKey: Guid(ebe19928624bf594283c91e5d87ba979) Importer(815301076,1909f56bfc062723c751e8b465ee728b)
Start importing Assets/New Folder/sonfThaew.controller using Guid(ebe19928624bf594283c91e5d87ba979) Importer(815301076,1909f56bfc062723c751e8b465ee728b)  -> (artifact id: '548581e614b2953a8148f01b02cd300e') in 0.006840 seconds 
  Import took 0.015644 seconds .

========================================================================
Received Prepare
Registering precompiled user dll's ...
Registered in 0.003581 seconds.
Begin MonoManager ReloadAssembly
Native extension for WindowsStandalone target not found
Native extension for WebGL target not found
Refreshing native plugins compatible for Editor in 2.25 ms, found 5 plugins.
Preloading 0 native plugins for Editor in 0.00 ms.
Mono: successfully reloaded assembly
- Completed reload, in  1.112 seconds
Domain Reload Profiling:
	ReloadAssembly (1113ms)
		BeginReloadAssembly (135ms)
			ExecutionOrderSort (0ms)
			DisableScriptedObjects (6ms)
			BackupInstance (0ms)
			ReleaseScriptingObjects (0ms)
			CreateAndSetChildDomain (53ms)
		EndReloadAssembly (914ms)
			LoadAssemblies (86ms)
			RebuildTransferFunctionScriptingTraits (0ms)
			SetupTypeCache (310ms)
			ReleaseScriptCaches (1ms)
			RebuildScriptCaches (42ms)
			SetupLoadedEditorAssemblies (304ms)
				LogAssemblyErrors (0ms)
				InitializePlatformSupportModulesInManaged (6ms)
				SetLoadedEditorAssemblies (0ms)
				RefreshPlugins (3ms)
				BeforeProcessingInitializeOnLoad (86ms)
				ProcessInitializeOnLoadAttributes (200ms)
				ProcessInitializeOnLoadMethodAttributes (3ms)
				AfterProcessingInitializeOnLoad (5ms)
				EditorAssembliesLoaded (0ms)
			ExecutionOrderSort2 (0ms)
			AwakeInstancesAfterBackupRestoration (46ms)
Platform modules already initialized, skipping
Refreshing native plugins compatible for Editor in 0.62 ms, found 5 plugins.
Preloading 0 native plugins for Editor in 0.00 ms.
Unloading 3161 Unused Serialized files (Serialized files now loaded: 0)
System memory in use before: 173.5 MB.
System memory in use after: 173.7 MB.

Unloading 20 unused Assets to reduce memory usage. Loaded Objects now: 4072.
Total: 4.281400 ms (FindLiveObjects: 0.680800 ms CreateObjectMapping: 0.355600 ms MarkObjects: 3.096700 ms  DeleteObjects: 0.146000 ms)

AssetImportParameters requested are different than current active one (requested -> active):
  custom:framework-win-MediaFoundation: 216162199b28c13a410421893ffa2e32 -> 
  custom:video-decoder-ogg-theora: a1e56fd34408186e4bbccfd4996cb3dc -> 
  custom:container-muxer-webm: aa71ff27fc2769a1b78a27578f13a17b -> 
  custom:container-demuxer-webm: 4f35f7cbe854078d1ac9338744f61a02 -> 
  custom:container-demuxer-ogg: 62fdf1f143b41e24485cea50d1cbac27 -> 
  custom:video-encoder-webm-vp8: eb34c28f22e8b96e1ab97ce403110664 -> 
  custom:video-codec-MediaFoundation-h265: 746d11721c4dcdbdad8f713fa42b33f4 -> 
  custom:video-decoder-webm-vp8: 9c59270c3fd7afecdb556c50c9e8de78 -> 
  custom:audio-decoder-ogg-vorbis: bf7c407c2cedff20999df2af8eb42d56 -> 
  custom:audio-encoder-webm-vorbis: bf7c407c2cedff20999df2af8eb42d56 -> 
========================================================================
Received Prepare
Registering precompiled user dll's ...
Registered in 0.007645 seconds.
Begin MonoManager ReloadAssembly
Native extension for WindowsStandalone target not found
Native extension for WebGL target not found
Refreshing native plugins compatible for Editor in 0.68 ms, found 5 plugins.
Preloading 0 native plugins for Editor in 0.00 ms.
Mono: successfully reloaded assembly
- Completed reload, in  1.061 seconds
Domain Reload Profiling:
	ReloadAssembly (1061ms)
		BeginReloadAssembly (120ms)
			ExecutionOrderSort (0ms)
			DisableScriptedObjects (5ms)
			BackupInstance (0ms)
			ReleaseScriptingObjects (0ms)
			CreateAndSetChildDomain (36ms)
		EndReloadAssembly (874ms)
			LoadAssemblies (85ms)
			RebuildTransferFunctionScriptingTraits (0ms)
			SetupTypeCache (316ms)
			ReleaseScriptCaches (2ms)
			RebuildScriptCaches (41ms)
			SetupLoadedEditorAssemblies (297ms)
				LogAssemblyErrors (0ms)
				InitializePlatformSupportModulesInManaged (6ms)
				SetLoadedEditorAssemblies (0ms)
				RefreshPlugins (1ms)
				BeforeProcessingInitializeOnLoad (82ms)
				ProcessInitializeOnLoadAttributes (200ms)
				ProcessInitializeOnLoadMethodAttributes (3ms)
				AfterProcessingInitializeOnLoad (5ms)
				EditorAssembliesLoaded (0ms)
			ExecutionOrderSort2 (0ms)
			AwakeInstancesAfterBackupRestoration (20ms)
Platform modules already initialized, skipping
Refreshing native plugins compatible for Editor in 1.20 ms, found 5 plugins.
Preloading 0 native plugins for Editor in 0.00 ms.
Unloading 3161 Unused Serialized files (Serialized files now loaded: 0)
System memory in use before: 173.6 MB.
System memory in use after: 173.8 MB.

Unloading 20 unused Assets to reduce memory usage. Loaded Objects now: 4074.
Total: 4.128000 ms (FindLiveObjects: 0.661900 ms CreateObjectMapping: 0.306100 ms MarkObjects: 3.016700 ms  DeleteObjects: 0.141800 ms)

AssetImportParameters requested are different than current active one (requested -> active):
  custom:framework-win-MediaFoundation: 216162199b28c13a410421893ffa2e32 -> 
  custom:video-decoder-ogg-theora: a1e56fd34408186e4bbccfd4996cb3dc -> 
  custom:container-muxer-webm: aa71ff27fc2769a1b78a27578f13a17b -> 
  custom:container-demuxer-webm: 4f35f7cbe854078d1ac9338744f61a02 -> 
  custom:container-demuxer-ogg: 62fdf1f143b41e24485cea50d1cbac27 -> 
  custom:video-encoder-webm-vp8: eb34c28f22e8b96e1ab97ce403110664 -> 
  custom:video-codec-MediaFoundation-h265: 746d11721c4dcdbdad8f713fa42b33f4 -> 
  custom:video-decoder-webm-vp8: 9c59270c3fd7afecdb556c50c9e8de78 -> 
  custom:audio-decoder-ogg-vorbis: bf7c407c2cedff20999df2af8eb42d56 -> 
  custom:audio-encoder-webm-vorbis: bf7c407c2cedff20999df2af8eb42d56 -> 
========================================================================
Received Import Request.
  Time since last request: 370.465486 seconds.
  path: Assets/New Folder/songThaew.fbx
  artifactKey: Guid(5d3f1b06b31571444aaec54fdffa21c0) Importer(815301076,1909f56bfc062723c751e8b465ee728b)
Start importing Assets/New Folder/songThaew.fbx using Guid(5d3f1b06b31571444aaec54fdffa21c0) Importer(815301076,1909f56bfc062723c751e8b465ee728b)  -> (artifact id: 'ce379d630a1568ab7e71411cdc88d704') in 0.333294 seconds 
  Import took 0.342282 seconds .

========================================================================
Received Import Request.
  Time since last request: 1.978647 seconds.
  path: Assets/Scenes/sample/songThaew.unity
  artifactKey: Guid(9fc0d4010bbf28b4594072e72b8655ab) Importer(815301076,1909f56bfc062723c751e8b465ee728b)
Start importing Assets/Scenes/sample/songThaew.unity using Guid(9fc0d4010bbf28b4594072e72b8655ab) Importer(815301076,1909f56bfc062723c751e8b465ee728b)  -> (artifact id: '93baf242b142a9fe90cc73d098fdd1af') in 0.007034 seconds 
  Import took 0.014273 seconds .

========================================================================
Received Import Request.
  Time since last request: 18.957311 seconds.
  path: Assets/Scenes/sample/songThaew/songThaewPostProcessing.asset
  artifactKey: Guid(60736e989910b4a4cb28a069c0d5900e) Importer(815301076,1909f56bfc062723c751e8b465ee728b)
Start importing Assets/Scenes/sample/songThaew/songThaewPostProcessing.asset using Guid(60736e989910b4a4cb28a069c0d5900e) Importer(815301076,1909f56bfc062723c751e8b465ee728b)  -> (artifact id: 'dcec3c2b5b95187bf5aa902ff3487b6e') in 0.017875 seconds 
  Import took 0.026228 seconds .

========================================================================
Received Import Request.
  Time since last request: 69.595506 seconds.
  path: Assets/Scenes/sample/songThaew/Main Camera Profile 1.asset
  artifactKey: Guid(a0668a0bc3c57e84dba302dab22aa28a) Importer(815301076,1909f56bfc062723c751e8b465ee728b)
Start importing Assets/Scenes/sample/songThaew/Main Camera Profile 1.asset using Guid(a0668a0bc3c57e84dba302dab22aa28a) Importer(815301076,1909f56bfc062723c751e8b465ee728b)  -> (artifact id: 'c7df3d44b08e270bae7244d44711d4f1') in 0.005872 seconds 
  Import took 0.013263 seconds .

========================================================================
Received Import Request.
  Time since last request: 0.000246 seconds.
  path: Assets/Scenes/sample/songThaew/Main Camera Profile.asset
  artifactKey: Guid(058ea84c9ede3bd46b2cdf0f14f80add) Importer(815301076,1909f56bfc062723c751e8b465ee728b)
Start importing Assets/Scenes/sample/songThaew/Main Camera Profile.asset using Guid(058ea84c9ede3bd46b2cdf0f14f80add) Importer(815301076,1909f56bfc062723c751e8b465ee728b)  -> (artifact id: 'f028e91ce3606c0dc855f11bcbf8ecac') in 0.013568 seconds 
  Import took 0.022968 seconds .

========================================================================
Received Import Request.
  Time since last request: 10.347293 seconds.
  path: Assets/Scenes/sample/songThaew/Main Camera Profile 1.asset
  artifactKey: Guid(a0668a0bc3c57e84dba302dab22aa28a) Importer(815301076,1909f56bfc062723c751e8b465ee728b)
Start importing Assets/Scenes/sample/songThaew/Main Camera Profile 1.asset using Guid(a0668a0bc3c57e84dba302dab22aa28a) Importer(815301076,1909f56bfc062723c751e8b465ee728b)  -> (artifact id: 'fdf82ac326849604f30d61c8430e9716') in 0.002369 seconds 
  Import took 0.011912 seconds .

========================================================================
Received Import Request.
  Time since last request: 13.740784 seconds.
  path: Assets/Scenes/sample/songThaew/Main Camera Profile 1.asset
  artifactKey: Guid(a0668a0bc3c57e84dba302dab22aa28a) Importer(815301076,1909f56bfc062723c751e8b465ee728b)
Start importing Assets/Scenes/sample/songThaew/Main Camera Profile 1.asset using Guid(a0668a0bc3c57e84dba302dab22aa28a) Importer(815301076,1909f56bfc062723c751e8b465ee728b)  -> (artifact id: '209cb0edbb655cf2851910c73d461fb9') in 0.005693 seconds 
  Import took 0.016943 seconds .

========================================================================
Received Prepare
Registering precompiled user dll's ...
Registered in 0.003967 seconds.
Begin MonoManager ReloadAssembly
Native extension for WindowsStandalone target not found
Native extension for WebGL target not found
Refreshing native plugins compatible for Editor in 0.77 ms, found 5 plugins.
Preloading 0 native plugins for Editor in 0.00 ms.
Mono: successfully reloaded assembly
- Completed reload, in  1.379 seconds
Domain Reload Profiling:
	ReloadAssembly (1380ms)
		BeginReloadAssembly (118ms)
			ExecutionOrderSort (0ms)
			DisableScriptedObjects (6ms)
			BackupInstance (0ms)
			ReleaseScriptingObjects (0ms)
			CreateAndSetChildDomain (41ms)
		EndReloadAssembly (1131ms)
			LoadAssemblies (149ms)
			RebuildTransferFunctionScriptingTraits (0ms)
			SetupTypeCache (382ms)
			ReleaseScriptCaches (2ms)
			RebuildScriptCaches (46ms)
			SetupLoadedEditorAssemblies (343ms)
				LogAssemblyErrors (0ms)
				InitializePlatformSupportModulesInManaged (10ms)
				SetLoadedEditorAssemblies (1ms)
				RefreshPlugins (1ms)
				BeforeProcessingInitializeOnLoad (92ms)
				ProcessInitializeOnLoadAttributes (229ms)
				ProcessInitializeOnLoadMethodAttributes (4ms)
				AfterProcessingInitializeOnLoad (5ms)
				EditorAssembliesLoaded (0ms)
			ExecutionOrderSort2 (0ms)
			AwakeInstancesAfterBackupRestoration (53ms)
Platform modules already initialized, skipping
Refreshing native plugins compatible for Editor in 0.80 ms, found 5 plugins.
Preloading 0 native plugins for Editor in 0.00 ms.
Unloading 3161 Unused Serialized files (Serialized files now loaded: 0)
System memory in use before: 173.7 MB.
System memory in use after: 173.9 MB.

Unloading 20 unused Assets to reduce memory usage. Loaded Objects now: 4112.
Total: 4.097100 ms (FindLiveObjects: 0.391900 ms CreateObjectMapping: 0.166200 ms MarkObjects: 3.460900 ms  DeleteObjects: 0.076900 ms)

AssetImportParameters requested are different than current active one (requested -> active):
  custom:framework-win-MediaFoundation: 216162199b28c13a410421893ffa2e32 -> 
  custom:video-decoder-ogg-theora: a1e56fd34408186e4bbccfd4996cb3dc -> 
  custom:container-muxer-webm: aa71ff27fc2769a1b78a27578f13a17b -> 
  custom:container-demuxer-webm: 4f35f7cbe854078d1ac9338744f61a02 -> 
  custom:container-demuxer-ogg: 62fdf1f143b41e24485cea50d1cbac27 -> 
  custom:video-encoder-webm-vp8: eb34c28f22e8b96e1ab97ce403110664 -> 
  custom:video-codec-MediaFoundation-h265: 746d11721c4dcdbdad8f713fa42b33f4 -> 
  custom:video-decoder-webm-vp8: 9c59270c3fd7afecdb556c50c9e8de78 -> 
  custom:audio-decoder-ogg-vorbis: bf7c407c2cedff20999df2af8eb42d56 -> 
  custom:audio-encoder-webm-vorbis: bf7c407c2cedff20999df2af8eb42d56 -> 
========================================================================
Received Prepare
Registering precompiled user dll's ...
Registered in 0.002404 seconds.
Begin MonoManager ReloadAssembly
Native extension for WindowsStandalone target not found
Native extension for WebGL target not found
Refreshing native plugins compatible for Editor in 0.62 ms, found 5 plugins.
Preloading 0 native plugins for Editor in 0.00 ms.
Mono: successfully reloaded assembly
- Completed reload, in  1.020 seconds
Domain Reload Profiling:
	ReloadAssembly (1020ms)
		BeginReloadAssembly (111ms)
			ExecutionOrderSort (0ms)
			DisableScriptedObjects (4ms)
			BackupInstance (0ms)
			ReleaseScriptingObjects (0ms)
			CreateAndSetChildDomain (32ms)
		EndReloadAssembly (856ms)
			LoadAssemblies (77ms)
			RebuildTransferFunctionScriptingTraits (0ms)
			SetupTypeCache (273ms)
			ReleaseScriptCaches (1ms)
			RebuildScriptCaches (47ms)
			SetupLoadedEditorAssemblies (312ms)
				LogAssemblyErrors (0ms)
				InitializePlatformSupportModulesInManaged (7ms)
				SetLoadedEditorAssemblies (0ms)
				RefreshPlugins (1ms)
				BeforeProcessingInitializeOnLoad (91ms)
				ProcessInitializeOnLoadAttributes (205ms)
				ProcessInitializeOnLoadMethodAttributes (3ms)
				AfterProcessingInitializeOnLoad (5ms)
				EditorAssembliesLoaded (0ms)
			ExecutionOrderSort2 (0ms)
			AwakeInstancesAfterBackupRestoration (21ms)
Platform modules already initialized, skipping
Refreshing native plugins compatible for Editor in 0.63 ms, found 5 plugins.
Preloading 0 native plugins for Editor in 0.00 ms.
Unloading 3161 Unused Serialized files (Serialized files now loaded: 0)
System memory in use before: 173.7 MB.
System memory in use after: 173.9 MB.

Unloading 20 unused Assets to reduce memory usage. Loaded Objects now: 4114.
Total: 7.098200 ms (FindLiveObjects: 0.886800 ms CreateObjectMapping: 0.406700 ms MarkObjects: 5.697200 ms  DeleteObjects: 0.104300 ms)

AssetImportParameters requested are different than current active one (requested -> active):
  custom:framework-win-MediaFoundation: 216162199b28c13a410421893ffa2e32 -> 
  custom:video-decoder-ogg-theora: a1e56fd34408186e4bbccfd4996cb3dc -> 
  custom:container-muxer-webm: aa71ff27fc2769a1b78a27578f13a17b -> 
  custom:container-demuxer-webm: 4f35f7cbe854078d1ac9338744f61a02 -> 
  custom:container-demuxer-ogg: 62fdf1f143b41e24485cea50d1cbac27 -> 
  custom:video-encoder-webm-vp8: eb34c28f22e8b96e1ab97ce403110664 -> 
  custom:video-codec-MediaFoundation-h265: 746d11721c4dcdbdad8f713fa42b33f4 -> 
  custom:video-decoder-webm-vp8: 9c59270c3fd7afecdb556c50c9e8de78 -> 
  custom:audio-decoder-ogg-vorbis: bf7c407c2cedff20999df2af8eb42d56 -> 
  custom:audio-encoder-webm-vorbis: bf7c407c2cedff20999df2af8eb42d56 -> 
========================================================================
Received Prepare
Registering precompiled user dll's ...
Registered in 0.002606 seconds.
Begin MonoManager ReloadAssembly
Native extension for WindowsStandalone target not found
Native extension for WebGL target not found
Refreshing native plugins compatible for Editor in 0.69 ms, found 5 plugins.
Preloading 0 native plugins for Editor in 0.00 ms.
Mono: successfully reloaded assembly
- Completed reload, in  1.012 seconds
Domain Reload Profiling:
	ReloadAssembly (1013ms)
		BeginReloadAssembly (104ms)
			ExecutionOrderSort (0ms)
			DisableScriptedObjects (4ms)
			BackupInstance (0ms)
			ReleaseScriptingObjects (0ms)
			CreateAndSetChildDomain (30ms)
		EndReloadAssembly (854ms)
			LoadAssemblies (74ms)
			RebuildTransferFunctionScriptingTraits (0ms)
			SetupTypeCache (275ms)
			ReleaseScriptCaches (1ms)
			RebuildScriptCaches (44ms)
			SetupLoadedEditorAssemblies (309ms)
				LogAssemblyErrors (0ms)
				InitializePlatformSupportModulesInManaged (5ms)
				SetLoadedEditorAssemblies (0ms)
				RefreshPlugins (1ms)
				BeforeProcessingInitializeOnLoad (83ms)
				ProcessInitializeOnLoadAttributes (209ms)
				ProcessInitializeOnLoadMethodAttributes (3ms)
				AfterProcessingInitializeOnLoad (7ms)
				EditorAssembliesLoaded (1ms)
			ExecutionOrderSort2 (0ms)
			AwakeInstancesAfterBackupRestoration (25ms)
Platform modules already initialized, skipping
Refreshing native plugins compatible for Editor in 0.62 ms, found 5 plugins.
Preloading 0 native plugins for Editor in 0.00 ms.
Unloading 3161 Unused Serialized files (Serialized files now loaded: 0)
System memory in use before: 173.8 MB.
System memory in use after: 174.0 MB.

Unloading 20 unused Assets to reduce memory usage. Loaded Objects now: 4116.
Total: 3.929700 ms (FindLiveObjects: 0.383500 ms CreateObjectMapping: 0.169800 ms MarkObjects: 3.293700 ms  DeleteObjects: 0.081500 ms)

AssetImportParameters requested are different than current active one (requested -> active):
  custom:framework-win-MediaFoundation: 216162199b28c13a410421893ffa2e32 -> 
  custom:video-decoder-ogg-theora: a1e56fd34408186e4bbccfd4996cb3dc -> 
  custom:container-muxer-webm: aa71ff27fc2769a1b78a27578f13a17b -> 
  custom:container-demuxer-webm: 4f35f7cbe854078d1ac9338744f61a02 -> 
  custom:container-demuxer-ogg: 62fdf1f143b41e24485cea50d1cbac27 -> 
  custom:video-encoder-webm-vp8: eb34c28f22e8b96e1ab97ce403110664 -> 
  custom:video-codec-MediaFoundation-h265: 746d11721c4dcdbdad8f713fa42b33f4 -> 
  custom:video-decoder-webm-vp8: 9c59270c3fd7afecdb556c50c9e8de78 -> 
  custom:audio-decoder-ogg-vorbis: bf7c407c2cedff20999df2af8eb42d56 -> 
  custom:audio-encoder-webm-vorbis: bf7c407c2cedff20999df2af8eb42d56 -> 
